28-10-2021 22:32:07 [main] INFO  io.olen4ixxx.triangle.entity.CustomTriangleFactory - Triangle created: Triangle = {id: 5, Point{0,00, 0,00}, Point{10,00, 0,00}, Point{0,00, 10,00}}
28-10-2021 22:32:07 [main] INFO  olen4ixxx.triangle.service.impl.TriangleCalculationService - TriangleCalculationService: trianglePerimeter(Triangle = {id: 5, Point{0,00, 0,00}, Point{10,00, 0,00}, Point{0,00, 10,00}})
28-10-2021 22:32:07 [main] INFO  olen4ixxx.triangle.service.impl.TriangleCalculationService - perimeter: 34.14213562373095
28-10-2021 22:32:07 [main] INFO  olen4ixxx.triangle.service.impl.TriangleCalculationService - TriangleCalculationService: triangleSquare(Triangle = {id: 5, Point{0,00, 0,00}, Point{10,00, 0,00}, Point{0,00, 10,00}})
28-10-2021 22:32:07 [main] INFO  olen4ixxx.triangle.service.impl.TriangleCalculationService - square: 50.0
28-10-2021 22:32:07 [main] INFO  io.olen4ixxx.triangle.entity.CustomTriangleFactory - CustomTriangleFactory: createCustomTriangle([1.0, 1.0, 3.1, 1.0, 1.0, 10.1])
28-10-2021 22:32:07 [main] INFO  io.olen4ixxx.triangle.util.IdGenerator - Id generated: 6
28-10-2021 22:32:07 [main] INFO  olen4ixxx.triangle.service.impl.TriangleCalculationService - TriangleCalculationService: trianglePerimeter(Triangle = {id: 6, Point{1,00, 1,00}, Point{3,10, 1,00}, Point{1,00, 10,10}})
28-10-2021 22:32:07 [main] INFO  olen4ixxx.triangle.service.impl.TriangleCalculationService - perimeter: 20.539164844888433
28-10-2021 22:32:07 [main] INFO  olen4ixxx.triangle.service.impl.TriangleCalculationService - TriangleCalculationService: triangleSquare(Triangle = {id: 6, Point{1,00, 1,00}, Point{3,10, 1,00}, Point{1,00, 10,10}})
28-10-2021 22:32:07 [main] INFO  olen4ixxx.triangle.service.impl.TriangleCalculationService - square: 9.554999999999998
28-10-2021 22:32:07 [main] INFO  io.olen4ixxx.triangle.entity.CustomTriangleFactory - Triangle created: Triangle = {id: 6, Point{1,00, 1,00}, Point{3,10, 1,00}, Point{1,00, 10,10}}
28-10-2021 22:32:07 [main] INFO  olen4ixxx.triangle.service.impl.TriangleCalculationService - TriangleCalculationService: trianglePerimeter(Triangle = {id: 6, Point{1,00, 1,00}, Point{3,10, 1,00}, Point{1,00, 10,10}})
28-10-2021 22:32:07 [main] INFO  olen4ixxx.triangle.service.impl.TriangleCalculationService - perimeter: 20.539164844888433
28-10-2021 22:32:07 [main] INFO  olen4ixxx.triangle.service.impl.TriangleCalculationService - TriangleCalculationService: triangleSquare(Triangle = {id: 6, Point{1,00, 1,00}, Point{3,10, 1,00}, Point{1,00, 10,10}})
28-10-2021 22:32:07 [main] INFO  olen4ixxx.triangle.service.impl.TriangleCalculationService - square: 9.554999999999998
28-10-2021 22:33:25 [main] INFO  io.olen4ixxx.triangle.Main - Id generated: 0
28-10-2021 22:33:26 [main] INFO  olen4ixxx.triangle.filereader.impl.TriangleFileReader - TriangleFileReader: readLines(data/triangle.txt)
28-10-2021 22:33:26 [main] INFO  olen4ixxx.triangle.filereader.impl.TriangleFileReader - File is read
28-10-2021 22:33:26 [main] INFO  olen4ixxx.triangle.parser.impl.CustomTriangleParser - LinesToCustomTriangleParser: parseLinesToTriangleCoordinates([tt, 1 t, 0.0 0.0 10.0 0.0 0.0  10.0, 1.0 1.0 3.1 1.0 1.0  10.1])
28-10-2021 22:33:26 [main] INFO  olen4ixxx.triangle.parser.impl.CustomTriangleParser - listOfTriangleCoordinates: [[0.0, 0.0, 10.0, 0.0, 0.0, 10.0], [1.0, 1.0, 3.1, 1.0, 1.0, 10.1]]
28-10-2021 22:33:26 [main] INFO  io.olen4ixxx.triangle.util.IdGenerator - Id generated: 1
28-10-2021 22:33:26 [main] INFO  olen4ixxx.triangle.service.impl.TriangleCalculationService - TriangleCalculationService: trianglePerimeter(Triangle = {id: 1, Point{1,00, 2,00}, Point{3,00, 4,00}, Point{0,50, 0,60}})
28-10-2021 22:33:26 [main] INFO  olen4ixxx.triangle.service.impl.TriangleCalculationService - perimeter: 8.535223568679879
28-10-2021 22:33:26 [main] INFO  io.olen4ixxx.triangle.util.IdGenerator - Id generated: 2
28-10-2021 22:33:26 [main] INFO  olen4ixxx.triangle.service.impl.TriangleCalculationService - TriangleCalculationService: trianglePerimeter(Triangle = {id: 2, Point{2,00, 2,00}, Point{3,00, 4,00}, Point{-5,00, -6,00}})
28-10-2021 22:33:26 [main] INFO  olen4ixxx.triangle.service.impl.TriangleCalculationService - perimeter: 25.672462265100137
28-10-2021 22:33:26 [main] INFO  io.olen4ixxx.triangle.util.IdGenerator - Id generated: 3
28-10-2021 22:33:26 [main] INFO  olen4ixxx.triangle.service.impl.TriangleCalculationService - TriangleCalculationService: trianglePerimeter(Triangle = {id: 3, Point{3,00, 2,00}, Point{3,00, 4,00}, Point{5,00, -6,00}})
28-10-2021 22:33:26 [main] INFO  olen4ixxx.triangle.service.impl.TriangleCalculationService - perimeter: 20.44425027842089
28-10-2021 22:33:26 [main] INFO  io.olen4ixxx.triangle.util.IdGenerator - Id generated: 4
28-10-2021 22:33:26 [main] INFO  olen4ixxx.triangle.service.impl.TriangleCalculationService - TriangleCalculationService: trianglePerimeter(Triangle = {id: 4, Point{4,00, 2,00}, Point{3,00, 4,00}, Point{-5,00, 6,00}})
28-10-2021 22:33:26 [main] INFO  olen4ixxx.triangle.service.impl.TriangleCalculationService - perimeter: 20.331137030531217
28-10-2021 22:33:26 [main] INFO  io.olen4ixxx.triangle.entity.CustomTriangleFactory - CustomTriangleFactory: createCustomTriangle([0.0, 0.0, 10.0, 0.0, 0.0, 10.0])
28-10-2021 22:33:26 [main] INFO  io.olen4ixxx.triangle.util.IdGenerator - Id generated: 5
28-10-2021 22:33:26 [main] INFO  olen4ixxx.triangle.service.impl.TriangleCalculationService - TriangleCalculationService: trianglePerimeter(Triangle = {id: 5, Point{0,00, 0,00}, Point{10,00, 0,00}, Point{0,00, 10,00}})
28-10-2021 22:33:26 [main] INFO  olen4ixxx.triangle.service.impl.TriangleCalculationService - perimeter: 34.14213562373095
28-10-2021 22:33:26 [main] INFO  olen4ixxx.triangle.service.impl.TriangleCalculationService - TriangleCalculationService: triangleSquare(Triangle = {id: 5, Point{0,00, 0,00}, Point{10,00, 0,00}, Point{0,00, 10,00}})
28-10-2021 22:33:26 [main] INFO  olen4ixxx.triangle.service.impl.TriangleCalculationService - square: 50.0
28-10-2021 22:33:26 [main] INFO  io.olen4ixxx.triangle.entity.CustomTriangleFactory - Triangle created: Triangle = {id: 5, Point{0,00, 0,00}, Point{10,00, 0,00}, Point{0,00, 10,00}}
28-10-2021 22:33:26 [main] INFO  olen4ixxx.triangle.service.impl.TriangleCalculationService - TriangleCalculationService: trianglePerimeter(Triangle = {id: 5, Point{0,00, 0,00}, Point{10,00, 0,00}, Point{0,00, 10,00}})
28-10-2021 22:33:26 [main] INFO  olen4ixxx.triangle.service.impl.TriangleCalculationService - perimeter: 34.14213562373095
28-10-2021 22:33:26 [main] INFO  olen4ixxx.triangle.service.impl.TriangleCalculationService - TriangleCalculationService: triangleSquare(Triangle = {id: 5, Point{0,00, 0,00}, Point{10,00, 0,00}, Point{0,00, 10,00}})
28-10-2021 22:33:26 [main] INFO  olen4ixxx.triangle.service.impl.TriangleCalculationService - square: 50.0
28-10-2021 22:33:26 [main] INFO  io.olen4ixxx.triangle.entity.CustomTriangleFactory - CustomTriangleFactory: createCustomTriangle([1.0, 1.0, 3.1, 1.0, 1.0, 10.1])
28-10-2021 22:33:26 [main] INFO  io.olen4ixxx.triangle.util.IdGenerator - Id generated: 6
28-10-2021 22:33:26 [main] INFO  olen4ixxx.triangle.service.impl.TriangleCalculationService - TriangleCalculationService: trianglePerimeter(Triangle = {id: 6, Point{1,00, 1,00}, Point{3,10, 1,00}, Point{1,00, 10,10}})
28-10-2021 22:33:26 [main] INFO  olen4ixxx.triangle.service.impl.TriangleCalculationService - perimeter: 20.539164844888433
28-10-2021 22:33:26 [main] INFO  olen4ixxx.triangle.service.impl.TriangleCalculationService - TriangleCalculationService: triangleSquare(Triangle = {id: 6, Point{1,00, 1,00}, Point{3,10, 1,00}, Point{1,00, 10,10}})
28-10-2021 22:33:26 [main] INFO  olen4ixxx.triangle.service.impl.TriangleCalculationService - square: 9.554999999999998
28-10-2021 22:33:26 [main] INFO  io.olen4ixxx.triangle.entity.CustomTriangleFactory - Triangle created: Triangle = {id: 6, Point{1,00, 1,00}, Point{3,10, 1,00}, Point{1,00, 10,10}}
28-10-2021 22:33:26 [main] INFO  olen4ixxx.triangle.service.impl.TriangleCalculationService - TriangleCalculationService: trianglePerimeter(Triangle = {id: 6, Point{1,00, 1,00}, Point{3,10, 1,00}, Point{1,00, 10,10}})
28-10-2021 22:33:26 [main] INFO  olen4ixxx.triangle.service.impl.TriangleCalculationService - perimeter: 20.539164844888433
28-10-2021 22:33:26 [main] INFO  olen4ixxx.triangle.service.impl.TriangleCalculationService - TriangleCalculationService: triangleSquare(Triangle = {id: 6, Point{1,00, 1,00}, Point{3,10, 1,00}, Point{1,00, 10,10}})
28-10-2021 22:33:26 [main] INFO  olen4ixxx.triangle.service.impl.TriangleCalculationService - square: 9.554999999999998
28-10-2021 22:34:30 [main] INFO  io.olen4ixxx.triangle.Main - Id generated: 0
28-10-2021 22:34:30 [main] INFO  olen4ixxx.triangle.filereader.impl.TriangleFileReader - TriangleFileReader: readLines(data/triangle.txt)
28-10-2021 22:34:30 [main] INFO  olen4ixxx.triangle.filereader.impl.TriangleFileReader - File is read
28-10-2021 22:34:30 [main] INFO  olen4ixxx.triangle.parser.impl.CustomTriangleParser - LinesToCustomTriangleParser: parseLinesToTriangleCoordinates([tt, 1 t, 0.0 0.0 10.0 0.0 0.0  10.0, 1.0 1.0 3.1 1.0 1.0  10.1])
28-10-2021 22:34:30 [main] INFO  olen4ixxx.triangle.parser.impl.CustomTriangleParser - listOfTriangleCoordinates: [[0.0, 0.0, 10.0, 0.0, 0.0, 10.0], [1.0, 1.0, 3.1, 1.0, 1.0, 10.1]]
28-10-2021 22:34:30 [main] INFO  io.olen4ixxx.triangle.util.IdGenerator - Id generated: 1
28-10-2021 22:34:30 [main] INFO  olen4ixxx.triangle.service.impl.TriangleCalculationService - TriangleCalculationService: trianglePerimeter(Triangle = {id: 1, Point{1,00, 2,00}, Point{3,00, 4,00}, Point{0,50, 0,60}})
28-10-2021 22:34:30 [main] INFO  olen4ixxx.triangle.service.impl.TriangleCalculationService - perimeter: 8.535223568679879
28-10-2021 22:34:30 [main] INFO  io.olen4ixxx.triangle.util.IdGenerator - Id generated: 2
28-10-2021 22:34:30 [main] INFO  olen4ixxx.triangle.service.impl.TriangleCalculationService - TriangleCalculationService: trianglePerimeter(Triangle = {id: 2, Point{2,00, 2,00}, Point{3,00, 4,00}, Point{-5,00, -6,00}})
28-10-2021 22:34:30 [main] INFO  olen4ixxx.triangle.service.impl.TriangleCalculationService - perimeter: 25.672462265100137
