25-10-2021 11:39:32 [main] INFO  olen4ixxx.triangle.service.impl.TriangleCalculationService - perimeter: 20.539164844888433
25-10-2021 11:39:32 [main] INFO  olen4ixxx.triangle.service.impl.TriangleCalculationService - TriangleCalculationService: triangleSquare(Triangle = {id: 2, Point{1,00, 1,00}, Point{3,10, 1,00}, Point{1,00, 10,10}})
25-10-2021 11:39:32 [main] INFO  olen4ixxx.triangle.service.impl.TriangleCalculationService - square: 9.554999999999998
25-10-2021 12:37:27 [main] INFO  io.olen4ixxx.triangle.Main - Id generated: 0
25-10-2021 12:37:28 [main] INFO  olen4ixxx.triangle.filereader.impl.TriangleFileReader - TriangleFileReader: readLines(data/triangle.txt)
25-10-2021 12:37:28 [main] INFO  olen4ixxx.triangle.filereader.impl.TriangleFileReader - File is read
25-10-2021 12:37:28 [main] INFO  olen4ixxx.triangle.parser.impl.CustomTriangleParser - LinesToCustomTriangleParser: parseLinesToTriangleCoordinates([tt, 1 t, 0.0 0.0 10.0 0.0 0.0  10.0, 1.0 1.0 3.1 1.0 1.0  10.1])
25-10-2021 12:37:28 [main] INFO  olen4ixxx.triangle.parser.impl.CustomTriangleParser - listOfTriangleCoordinates: [[0.0, 0.0, 10.0, 0.0, 0.0, 10.0], [1.0, 1.0, 3.1, 1.0, 1.0, 10.1]]
25-10-2021 12:37:28 [main] INFO  io.olen4ixxx.triangle.entity.CustomTriangleFactory - CustomTriangleFactory: createCustomTriangle([0.0, 0.0, 10.0, 0.0, 0.0, 10.0])
25-10-2021 12:37:28 [main] INFO  io.olen4ixxx.triangle.util.IdGenerator - Id generated: 1
25-10-2021 12:37:28 [main] INFO  olen4ixxx.triangle.service.impl.TriangleCalculationService - TriangleCalculationService: trianglePerimeter(Triangle = {id: 1, Point{0,00, 0,00}, Point{10,00, 0,00}, Point{0,00, 10,00}})
25-10-2021 12:37:28 [main] INFO  olen4ixxx.triangle.service.impl.TriangleCalculationService - perimeter: 34.14213562373095
25-10-2021 12:37:28 [main] INFO  olen4ixxx.triangle.service.impl.TriangleCalculationService - TriangleCalculationService: triangleSquare(Triangle = {id: 1, Point{0,00, 0,00}, Point{10,00, 0,00}, Point{0,00, 10,00}})
25-10-2021 12:37:28 [main] INFO  olen4ixxx.triangle.service.impl.TriangleCalculationService - square: 50.0
25-10-2021 12:37:28 [main] INFO  io.olen4ixxx.triangle.entity.CustomTriangleFactory - Triangle created: Triangle = {id: 1, Point{0,00, 0,00}, Point{10,00, 0,00}, Point{0,00, 10,00}}
25-10-2021 12:37:28 [main] INFO  olen4ixxx.triangle.service.impl.TriangleCalculationService - TriangleCalculationService: trianglePerimeter(Triangle = {id: 1, Point{0,00, 0,00}, Point{10,00, 0,00}, Point{0,00, 10,00}})
25-10-2021 12:37:28 [main] INFO  olen4ixxx.triangle.service.impl.TriangleCalculationService - perimeter: 34.14213562373095
25-10-2021 12:37:28 [main] INFO  olen4ixxx.triangle.service.impl.TriangleCalculationService - TriangleCalculationService: triangleSquare(Triangle = {id: 1, Point{0,00, 0,00}, Point{10,00, 0,00}, Point{0,00, 10,00}})
25-10-2021 12:37:28 [main] INFO  olen4ixxx.triangle.service.impl.TriangleCalculationService - square: 50.0
25-10-2021 12:37:28 [main] INFO  io.olen4ixxx.triangle.entity.CustomTriangleFactory - CustomTriangleFactory: createCustomTriangle([1.0, 1.0, 3.1, 1.0, 1.0, 10.1])
25-10-2021 12:37:28 [main] INFO  io.olen4ixxx.triangle.util.IdGenerator - Id generated: 2
25-10-2021 12:37:28 [main] INFO  olen4ixxx.triangle.service.impl.TriangleCalculationService - TriangleCalculationService: trianglePerimeter(Triangle = {id: 2, Point{1,00, 1,00}, Point{3,10, 1,00}, Point{1,00, 10,10}})
25-10-2021 12:37:28 [main] INFO  olen4ixxx.triangle.service.impl.TriangleCalculationService - perimeter: 20.539164844888433
25-10-2021 12:37:28 [main] INFO  olen4ixxx.triangle.service.impl.TriangleCalculationService - TriangleCalculationService: triangleSquare(Triangle = {id: 2, Point{1,00, 1,00}, Point{3,10, 1,00}, Point{1,00, 10,10}})
25-10-2021 12:37:28 [main] INFO  olen4ixxx.triangle.service.impl.TriangleCalculationService - square: 9.554999999999998
25-10-2021 12:37:28 [main] INFO  io.olen4ixxx.triangle.entity.CustomTriangleFactory - Triangle created: Triangle = {id: 2, Point{1,00, 1,00}, Point{3,10, 1,00}, Point{1,00, 10,10}}
25-10-2021 12:37:28 [main] INFO  olen4ixxx.triangle.service.impl.TriangleCalculationService - TriangleCalculationService: trianglePerimeter(Triangle = {id: 2, Point{1,00, 1,00}, Point{3,10, 1,00}, Point{1,00, 10,10}})
25-10-2021 12:37:28 [main] INFO  olen4ixxx.triangle.service.impl.TriangleCalculationService - perimeter: 20.539164844888433
25-10-2021 12:37:28 [main] INFO  olen4ixxx.triangle.service.impl.TriangleCalculationService - TriangleCalculationService: triangleSquare(Triangle = {id: 2, Point{1,00, 1,00}, Point{3,10, 1,00}, Point{1,00, 10,10}})
25-10-2021 12:37:28 [main] INFO  olen4ixxx.triangle.service.impl.TriangleCalculationService - square: 9.554999999999998
28-10-2021 21:48:58 [main] INFO  io.olen4ixxx.triangle.util.IdGenerator - Id generated: 1
28-10-2021 21:48:58 [main] INFO  io.olen4ixxx.triangle.util.IdGenerator - Id generated: 2
28-10-2021 21:48:58 [main] INFO  io.olen4ixxx.triangle.util.IdGenerator - Id generated: 3
28-10-2021 21:48:58 [main] INFO  io.olen4ixxx.triangle.util.IdGenerator - Id generated: 4
28-10-2021 21:48:58 [main] INFO  io.olen4ixxx.triangle.repository.CustomRepository - Repository addAll: [Triangle = {id: 1, Point{1,00, 2,00}, Point{3,00, 4,00}, Point{5,00, 6,00}}, Triangle = {id: 2, Point{2,00, 2,00}, Point{3,00, 4,00}, Point{5,00, 6,00}}, Triangle = {id: 3, Point{3,00, 2,00}, Point{3,00, 4,00}, Point{5,00, 6,00}}, Triangle = {id: 4, Point{4,00, 2,00}, Point{3,00, 4,00}, Point{5,00, 6,00}}]
28-10-2021 21:48:58 [TestNG-method=testQuery-1] INFO  io.olen4ixxx.triangle.repository.CustomRepository - queryList from repository: [Triangle = {id: 1, Point{1,00, 2,00}, Point{3,00, 4,00}, Point{5,00, 6,00}}]
28-10-2021 22:01:21 [main] INFO  io.olen4ixxx.triangle.util.IdGenerator - Id generated: 1
28-10-2021 22:01:21 [main] INFO  io.olen4ixxx.triangle.util.IdGenerator - Id generated: 2
28-10-2021 22:01:21 [main] INFO  io.olen4ixxx.triangle.util.IdGenerator - Id generated: 3
28-10-2021 22:01:21 [main] INFO  io.olen4ixxx.triangle.util.IdGenerator - Id generated: 4
28-10-2021 22:01:21 [main] INFO  io.olen4ixxx.triangle.repository.CustomRepository - Repository addAll: [Triangle = {id: 1, Point{1,00, 2,00}, Point{3,00, 4,00}, Point{5,00, 6,00}}, Triangle = {id: 2, Point{2,00, 2,00}, Point{3,00, 4,00}, Point{5,00, 6,00}}, Triangle = {id: 3, Point{3,00, 2,00}, Point{3,00, 4,00}, Point{5,00, 6,00}}, Triangle = {id: 4, Point{4,00, 2,00}, Point{3,00, 4,00}, Point{5,00, 6,00}}]
28-10-2021 22:01:21 [TestNG-method=testQuery-1] INFO  io.olen4ixxx.triangle.repository.CustomRepository - queryList from repository: [Triangle = {id: 1, Point{1,00, 2,00}, Point{3,00, 4,00}, Point{5,00, 6,00}}]
28-10-2021 22:01:48 [main] INFO  io.olen4ixxx.triangle.util.IdGenerator - Id generated: 1
28-10-2021 22:01:48 [main] INFO  io.olen4ixxx.triangle.util.IdGenerator - Id generated: 2
28-10-2021 22:01:48 [main] INFO  io.olen4ixxx.triangle.util.IdGenerator - Id generated: 3
28-10-2021 22:01:48 [main] INFO  io.olen4ixxx.triangle.util.IdGenerator - Id generated: 4
28-10-2021 22:01:48 [main] INFO  io.olen4ixxx.triangle.repository.CustomRepository - Repository addAll: [Triangle = {id: 1, Point{1,00, 2,00}, Point{3,00, 4,00}, Point{5,00, 6,00}}, Triangle = {id: 2, Point{2,00, 2,00}, Point{3,00, 4,00}, Point{5,00, 6,00}}, Triangle = {id: 3, Point{3,00, 2,00}, Point{3,00, 4,00}, Point{5,00, 6,00}}, Triangle = {id: 4, Point{4,00, 2,00}, Point{3,00, 4,00}, Point{5,00, 6,00}}]
28-10-2021 22:01:48 [TestNG-method=testQuery-1] INFO  io.olen4ixxx.triangle.repository.CustomRepository - queryList from repository: [Triangle = {id: 1, Point{1,00, 2,00}, Point{3,00, 4,00}, Point{5,00, 6,00}}]
28-10-2021 22:07:54 [main] INFO  io.olen4ixxx.triangle.util.IdGenerator - Id generated: 1
28-10-2021 22:07:54 [main] INFO  io.olen4ixxx.triangle.util.IdGenerator - Id generated: 2
28-10-2021 22:07:54 [main] INFO  io.olen4ixxx.triangle.util.IdGenerator - Id generated: 3
28-10-2021 22:07:54 [main] INFO  io.olen4ixxx.triangle.util.IdGenerator - Id generated: 4
28-10-2021 22:07:54 [main] INFO  io.olen4ixxx.triangle.repository.CustomRepository - Repository addAll: [Triangle = {id: 1, Point{1,00, 2,00}, Point{3,00, 4,00}, Point{5,00, 6,00}}, Triangle = {id: 2, Point{2,00, 2,00}, Point{3,00, 4,00}, Point{-5,00, -6,00}}, Triangle = {id: 3, Point{3,00, 2,00}, Point{3,00, 4,00}, Point{5,00, -6,00}}, Triangle = {id: 4, Point{4,00, 2,00}, Point{3,00, 4,00}, Point{-5,00, 6,00}}]
28-10-2021 22:07:54 [TestNG-method=testQueryFirstQuadrant-1] INFO  io.olen4ixxx.triangle.repository.CustomRepository - queryList from repository: [Triangle = {id: 1, Point{1,00, 2,00}, Point{3,00, 4,00}, Point{5,00, 6,00}}]
28-10-2021 22:16:32 [main] INFO  io.olen4ixxx.triangle.util.IdGenerator - Id generated: 1
28-10-2021 22:16:32 [main] INFO  io.olen4ixxx.triangle.util.IdGenerator - Id generated: 2
28-10-2021 22:16:32 [main] INFO  io.olen4ixxx.triangle.util.IdGenerator - Id generated: 3
28-10-2021 22:16:32 [main] INFO  io.olen4ixxx.triangle.util.IdGenerator - Id generated: 4
28-10-2021 22:16:32 [main] INFO  io.olen4ixxx.triangle.repository.CustomRepository - Repository addAll: [Triangle = {id: 1, Point{1,00, 2,00}, Point{3,00, 4,00}, Point{5,00, 6,00}}, Triangle = {id: 2, Point{2,00, 2,00}, Point{3,00, 4,00}, Point{-5,00, -6,00}}, Triangle = {id: 3, Point{3,00, 2,00}, Point{3,00, 4,00}, Point{5,00, -6,00}}, Triangle = {id: 4, Point{4,00, 2,00}, Point{3,00, 4,00}, Point{-5,00, 6,00}}]
28-10-2021 22:16:32 [TestNG-method=testQueryInRadiusOfO-1] INFO  io.olen4ixxx.triangle.repository.CustomRepository - queryList from repository: [Triangle = {id: 1, Point{1,00, 2,00}, Point{3,00, 4,00}, Point{5,00, 6,00}}, Triangle = {id: 2, Point{2,00, 2,00}, Point{3,00, 4,00}, Point{-5,00, -6,00}}, Triangle = {id: 3, Point{3,00, 2,00}, Point{3,00, 4,00}, Point{5,00, -6,00}}, Triangle = {id: 4, Point{4,00, 2,00}, Point{3,00, 4,00}, Point{-5,00, 6,00}}]
28-10-2021 22:18:58 [main] INFO  io.olen4ixxx.triangle.util.IdGenerator - Id generated: 1
28-10-2021 22:18:58 [main] INFO  io.olen4ixxx.triangle.util.IdGenerator - Id generated: 2
28-10-2021 22:18:58 [main] INFO  io.olen4ixxx.triangle.util.IdGenerator - Id generated: 3
