28-10-2021 22:41:07 [TestNG-method=testQuerySquareIsBetween-1] INFO  olen4ixxx.triangle.service.impl.TriangleCalculationService - square: 2.000000000000015
28-10-2021 22:41:07 [TestNG-method=testQuerySquareIsBetween-1] INFO  olen4ixxx.triangle.service.impl.TriangleCalculationService - TriangleCalculationService: triangleSquare(Triangle = {id: 4, Point{1,00, 2,00}, Point{3,00, 4,00}, Point{0,50, 0,60}})
28-10-2021 22:41:07 [TestNG-method=testQuerySquareIsBetween-1] INFO  olen4ixxx.triangle.service.impl.TriangleCalculationService - square: 0.9000000000000056
28-10-2021 22:41:07 [TestNG-method=testQuerySquareIsBetween-1] INFO  olen4ixxx.triangle.service.impl.TriangleCalculationService - TriangleCalculationService: triangleSquare(Triangle = {id: 5, Point{2,00, 2,00}, Point{3,00, 4,00}, Point{-5,00, -6,00}})
28-10-2021 22:41:07 [TestNG-method=testQuerySquareIsBetween-1] INFO  olen4ixxx.triangle.service.impl.TriangleCalculationService - square: 3.0000000000000244
28-10-2021 22:41:07 [TestNG-method=testQuerySquareIsBetween-1] INFO  olen4ixxx.triangle.service.impl.TriangleCalculationService - TriangleCalculationService: triangleSquare(Triangle = {id: 6, Point{4,00, 2,00}, Point{3,00, 4,00}, Point{-5,00, 6,00}})
28-10-2021 22:41:07 [TestNG-method=testQuerySquareIsBetween-1] INFO  olen4ixxx.triangle.service.impl.TriangleCalculationService - square: 7.000000000000005
28-10-2021 22:41:07 [TestNG-method=testQuerySquareIsBetween-1] INFO  olen4ixxx.triangle.service.impl.TriangleCalculationService - TriangleCalculationService: triangleSquare(Triangle = {id: 7, Point{3,00, 2,00}, Point{3,00, 4,00}, Point{5,00, -6,00}})
28-10-2021 22:41:07 [TestNG-method=testQuerySquareIsBetween-1] INFO  olen4ixxx.triangle.service.impl.TriangleCalculationService - square: 2.000000000000015
28-10-2021 22:41:07 [TestNG-method=testQuerySquareIsBetween-1] INFO  olen4ixxx.triangle.service.impl.TriangleCalculationService - TriangleCalculationService: triangleSquare(Triangle = {id: 8, Point{1,00, 2,00}, Point{3,00, 4,00}, Point{0,50, 0,60}})
28-10-2021 22:41:07 [TestNG-method=testQuerySquareIsBetween-1] INFO  olen4ixxx.triangle.service.impl.TriangleCalculationService - square: 0.9000000000000056
28-10-2021 22:41:07 [TestNG-method=testQuerySquareIsBetween-1] INFO  olen4ixxx.triangle.service.impl.TriangleCalculationService - TriangleCalculationService: triangleSquare(Triangle = {id: 9, Point{2,00, 2,00}, Point{3,00, 4,00}, Point{-5,00, -6,00}})
28-10-2021 22:41:07 [TestNG-method=testQuerySquareIsBetween-1] INFO  olen4ixxx.triangle.service.impl.TriangleCalculationService - square: 3.0000000000000244
28-10-2021 22:41:07 [TestNG-method=testQuerySquareIsBetween-1] INFO  olen4ixxx.triangle.service.impl.TriangleCalculationService - TriangleCalculationService: triangleSquare(Triangle = {id: 10, Point{4,00, 2,00}, Point{3,00, 4,00}, Point{-5,00, 6,00}})
28-10-2021 22:41:07 [TestNG-method=testQuerySquareIsBetween-1] INFO  olen4ixxx.triangle.service.impl.TriangleCalculationService - square: 7.000000000000005
28-10-2021 22:41:07 [TestNG-method=testQuerySquareIsBetween-1] INFO  olen4ixxx.triangle.service.impl.TriangleCalculationService - TriangleCalculationService: triangleSquare(Triangle = {id: 11, Point{3,00, 2,00}, Point{3,00, 4,00}, Point{5,00, -6,00}})
28-10-2021 22:41:07 [TestNG-method=testQuerySquareIsBetween-1] INFO  olen4ixxx.triangle.service.impl.TriangleCalculationService - square: 2.000000000000015
28-10-2021 22:41:07 [TestNG-method=testQuerySquareIsBetween-1] INFO  olen4ixxx.triangle.service.impl.TriangleCalculationService - TriangleCalculationService: triangleSquare(Triangle = {id: 12, Point{1,00, 2,00}, Point{3,00, 4,00}, Point{0,50, 0,60}})
28-10-2021 22:41:07 [TestNG-method=testQuerySquareIsBetween-1] INFO  olen4ixxx.triangle.service.impl.TriangleCalculationService - square: 0.9000000000000056
28-10-2021 22:41:07 [TestNG-method=testQuerySquareIsBetween-1] INFO  olen4ixxx.triangle.service.impl.TriangleCalculationService - TriangleCalculationService: triangleSquare(Triangle = {id: 13, Point{2,00, 2,00}, Point{3,00, 4,00}, Point{-5,00, -6,00}})
28-10-2021 22:41:07 [TestNG-method=testQuerySquareIsBetween-1] INFO  olen4ixxx.triangle.service.impl.TriangleCalculationService - square: 3.0000000000000244
28-10-2021 22:41:07 [TestNG-method=testQuerySquareIsBetween-1] INFO  olen4ixxx.triangle.service.impl.TriangleCalculationService - TriangleCalculationService: triangleSquare(Triangle = {id: 14, Point{4,00, 2,00}, Point{3,00, 4,00}, Point{-5,00, 6,00}})
28-10-2021 22:41:07 [TestNG-method=testQuerySquareIsBetween-1] INFO  olen4ixxx.triangle.service.impl.TriangleCalculationService - square: 7.000000000000005
28-10-2021 22:41:07 [TestNG-method=testQuerySquareIsBetween-1] INFO  olen4ixxx.triangle.service.impl.TriangleCalculationService - TriangleCalculationService: triangleSquare(Triangle = {id: 15, Point{3,00, 2,00}, Point{3,00, 4,00}, Point{5,00, -6,00}})
28-10-2021 22:41:07 [TestNG-method=testQuerySquareIsBetween-1] INFO  olen4ixxx.triangle.service.impl.TriangleCalculationService - square: 2.000000000000015
28-10-2021 22:41:07 [TestNG-method=testQuerySquareIsBetween-1] INFO  olen4ixxx.triangle.service.impl.TriangleCalculationService - TriangleCalculationService: triangleSquare(Triangle = {id: 16, Point{1,00, 2,00}, Point{3,00, 4,00}, Point{0,50, 0,60}})
28-10-2021 22:41:07 [TestNG-method=testQuerySquareIsBetween-1] INFO  olen4ixxx.triangle.service.impl.TriangleCalculationService - square: 0.9000000000000056
28-10-2021 22:41:07 [TestNG-method=testQuerySquareIsBetween-1] INFO  olen4ixxx.triangle.service.impl.TriangleCalculationService - TriangleCalculationService: triangleSquare(Triangle = {id: 17, Point{2,00, 2,00}, Point{3,00, 4,00}, Point{-5,00, -6,00}})
28-10-2021 22:41:07 [TestNG-method=testQuerySquareIsBetween-1] INFO  olen4ixxx.triangle.service.impl.TriangleCalculationService - square: 3.0000000000000244
28-10-2021 22:41:07 [TestNG-method=testQuerySquareIsBetween-1] INFO  olen4ixxx.triangle.service.impl.TriangleCalculationService - TriangleCalculationService: triangleSquare(Triangle = {id: 18, Point{4,00, 2,00}, Point{3,00, 4,00}, Point{-5,00, 6,00}})
28-10-2021 22:41:07 [TestNG-method=testQuerySquareIsBetween-1] INFO  olen4ixxx.triangle.service.impl.TriangleCalculationService - square: 7.000000000000005
28-10-2021 22:41:07 [TestNG-method=testQuerySquareIsBetween-1] INFO  olen4ixxx.triangle.service.impl.TriangleCalculationService - TriangleCalculationService: triangleSquare(Triangle = {id: 19, Point{3,00, 2,00}, Point{3,00, 4,00}, Point{5,00, -6,00}})
28-10-2021 22:41:07 [TestNG-method=testQuerySquareIsBetween-1] INFO  olen4ixxx.triangle.service.impl.TriangleCalculationService - square: 2.000000000000015
28-10-2021 22:41:07 [TestNG-method=testQuerySquareIsBetween-1] INFO  olen4ixxx.triangle.service.impl.TriangleCalculationService - TriangleCalculationService: triangleSquare(Triangle = {id: 20, Point{1,00, 2,00}, Point{3,00, 4,00}, Point{0,50, 0,60}})
28-10-2021 22:41:07 [TestNG-method=testQuerySquareIsBetween-1] INFO  olen4ixxx.triangle.service.impl.TriangleCalculationService - square: 0.9000000000000056
28-10-2021 22:41:07 [TestNG-method=testQuerySquareIsBetween-1] INFO  io.olen4ixxx.triangle.repository.CustomRepository - queryList from repository: [Triangle = {id: 4, Point{1,00, 2,00}, Point{3,00, 4,00}, Point{0,50, 0,60}}, Triangle = {id: 8, Point{1,00, 2,00}, Point{3,00, 4,00}, Point{0,50, 0,60}}, Triangle = {id: 12, Point{1,00, 2,00}, Point{3,00, 4,00}, Point{0,50, 0,60}}, Triangle = {id: 16, Point{1,00, 2,00}, Point{3,00, 4,00}, Point{0,50, 0,60}}, Triangle = {id: 20, Point{1,00, 2,00}, Point{3,00, 4,00}, Point{0,50, 0,60}}]
28-10-2021 22:41:49 [main] INFO  io.olen4ixxx.triangle.util.IdGenerator - Id generated: 1
28-10-2021 22:41:49 [main] INFO  io.olen4ixxx.triangle.util.IdGenerator - Id generated: 2
28-10-2021 22:41:49 [main] INFO  io.olen4ixxx.triangle.util.IdGenerator - Id generated: 3
28-10-2021 22:41:49 [main] INFO  io.olen4ixxx.triangle.util.IdGenerator - Id generated: 4
28-10-2021 22:41:49 [main] INFO  io.olen4ixxx.triangle.repository.CustomRepository - Repository addAll: [Triangle = {id: 1, Point{2,00, 2,00}, Point{3,00, 4,00}, Point{-5,00, -6,00}}, Triangle = {id: 2, Point{4,00, 2,00}, Point{3,00, 4,00}, Point{-5,00, 6,00}}, Triangle = {id: 3, Point{3,00, 2,00}, Point{3,00, 4,00}, Point{5,00, -6,00}}, Triangle = {id: 4, Point{1,00, 2,00}, Point{3,00, 4,00}, Point{0,50, 0,60}}]
28-10-2021 22:41:49 [TestNG-method=testQueryId-1] INFO  io.olen4ixxx.triangle.repository.CustomRepository - queryList from repository: [Triangle = {id: 4, Point{1,00, 2,00}, Point{3,00, 4,00}, Point{0,50, 0,60}}]
28-10-2021 22:42:25 [main] INFO  io.olen4ixxx.triangle.util.IdGenerator - Id generated: 1
28-10-2021 22:42:25 [main] INFO  io.olen4ixxx.triangle.util.IdGenerator - Id generated: 2
28-10-2021 22:42:25 [main] INFO  io.olen4ixxx.triangle.util.IdGenerator - Id generated: 3
28-10-2021 22:42:25 [main] INFO  io.olen4ixxx.triangle.util.IdGenerator - Id generated: 4
28-10-2021 22:42:25 [main] INFO  io.olen4ixxx.triangle.repository.CustomRepository - Repository addAll: [Triangle = {id: 1, Point{2,00, 2,00}, Point{3,00, 4,00}, Point{-5,00, -6,00}}, Triangle = {id: 2, Point{4,00, 2,00}, Point{3,00, 4,00}, Point{-5,00, 6,00}}, Triangle = {id: 3, Point{3,00, 2,00}, Point{3,00, 4,00}, Point{5,00, -6,00}}, Triangle = {id: 4, Point{1,00, 2,00}, Point{3,00, 4,00}, Point{0,50, 0,60}}]
28-10-2021 22:42:25 [TestNG-method=testQueryFirstQuadrant-1] INFO  io.olen4ixxx.triangle.repository.CustomRepository - queryList from repository: [Triangle = {id: 4, Point{1,00, 2,00}, Point{3,00, 4,00}, Point{0,50, 0,60}}]
28-10-2021 22:42:37 [main] INFO  io.olen4ixxx.triangle.util.IdGenerator - Id generated: 1
28-10-2021 22:42:37 [main] INFO  io.olen4ixxx.triangle.util.IdGenerator - Id generated: 2
28-10-2021 22:42:37 [main] INFO  io.olen4ixxx.triangle.util.IdGenerator - Id generated: 3
28-10-2021 22:42:37 [main] INFO  io.olen4ixxx.triangle.util.IdGenerator - Id generated: 4
28-10-2021 22:42:37 [main] INFO  io.olen4ixxx.triangle.repository.CustomRepository - Repository addAll: [Triangle = {id: 1, Point{2,00, 2,00}, Point{3,00, 4,00}, Point{-5,00, -6,00}}, Triangle = {id: 2, Point{4,00, 2,00}, Point{3,00, 4,00}, Point{-5,00, 6,00}}, Triangle = {id: 3, Point{3,00, 2,00}, Point{3,00, 4,00}, Point{5,00, -6,00}}, Triangle = {id: 4, Point{1,00, 2,00}, Point{3,00, 4,00}, Point{0,50, 0,60}}]
