21-10-2021 15:21:51 [main] INFO  olen4ixxx.triangle.service.impl.TriangleCalculationService - perimeter: 0.0
21-10-2021 15:21:51 [main] INFO  olen4ixxx.triangle.service.impl.TriangleCalculationService - TriangleCalculationService: triangleSquare(Triangle = {id: 1, Point{1,00, 1,00}, Point{1,00, 1,00}, Point{1,00, 1,00}})
21-10-2021 15:21:51 [main] INFO  olen4ixxx.triangle.service.impl.TriangleCalculationService - square: 0.0
21-10-2021 15:29:40 [main] INFO  olen4ixxx.triangle.filereader.impl.TriangleFileReader - TriangleFileReader: readLines(data/triangle.txt)
21-10-2021 15:29:40 [main] INFO  olen4ixxx.triangle.filereader.impl.TriangleFileReader - File is read
21-10-2021 15:29:40 [main] INFO  olen4ixxx.triangle.parser.impl.LinesToCustomTriangleParser - LinesToCustomTriangleParser: parseLinesToTriangleCoordinates([tt, 1 t, 0.0 0.0 10.0 0.0 0.0  10.0, 1.0 1.0 3.1 1.0 1.0  10.1])
21-10-2021 15:29:40 [main] INFO  olen4ixxx.triangle.parser.impl.LinesToCustomTriangleParser - listOfTriangleCoordinates: [0.0, 0.0, 10.0, 0.0, 0.0, 10.0, 1.0, 1.0, 3.1, 1.0, 1.0, 10.1]
21-10-2021 15:29:40 [main] INFO  io.olen4ixxx.triangle.entity.CustomTriangleFactory - CustomTriangleFactory: createCustomTriangle([1.0, 2.0, 3.0, 4.0, 5.0, 6.0])
21-10-2021 15:29:40 [main] INFO  olen4ixxx.triangle.service.impl.TriangleCalculationService - TriangleCalculationService: trianglePerimeter(Triangle = {id: 0, Point{1,00, 2,00}, Point{3,00, 4,00}, Point{5,00, 6,00}})
21-10-2021 15:29:40 [main] INFO  olen4ixxx.triangle.service.impl.TriangleCalculationService - perimeter: 11.313708498984761
21-10-2021 15:29:40 [main] INFO  olen4ixxx.triangle.service.impl.TriangleCalculationService - TriangleCalculationService: triangleSquare(Triangle = {id: 0, Point{1,00, 2,00}, Point{3,00, 4,00}, Point{5,00, 6,00}})
21-10-2021 15:29:40 [main] INFO  olen4ixxx.triangle.service.impl.TriangleCalculationService - square: 0.0
21-10-2021 15:29:40 [main] INFO  io.olen4ixxx.triangle.entity.CustomTriangleFactory - Triangle created: Triangle = {id: 0, Point{1,00, 2,00}, Point{3,00, 4,00}, Point{5,00, 6,00}}
21-10-2021 15:29:40 [main] INFO  olen4ixxx.triangle.service.impl.TriangleCalculationService - TriangleCalculationService: trianglePerimeter(Triangle = {id: 0, Point{1,00, 2,00}, Point{3,00, 4,00}, Point{5,00, 6,00}})
21-10-2021 15:29:40 [main] INFO  olen4ixxx.triangle.service.impl.TriangleCalculationService - perimeter: 11.313708498984761
21-10-2021 15:29:40 [main] INFO  olen4ixxx.triangle.service.impl.TriangleCalculationService - TriangleCalculationService: triangleSquare(Triangle = {id: 0, Point{1,00, 2,00}, Point{3,00, 4,00}, Point{5,00, 6,00}})
21-10-2021 15:29:40 [main] INFO  olen4ixxx.triangle.service.impl.TriangleCalculationService - square: 0.0
21-10-2021 15:29:40 [main] INFO  io.olen4ixxx.triangle.entity.CustomTriangleFactory - CustomTriangleFactory: createCustomTriangle([7.0, 2.0, 3.0, 4.0, 5.0, 6.0])
21-10-2021 15:29:40 [main] INFO  olen4ixxx.triangle.service.impl.TriangleCalculationService - TriangleCalculationService: trianglePerimeter(Triangle = {id: 1, Point{7,00, 2,00}, Point{3,00, 4,00}, Point{5,00, 6,00}})
21-10-2021 15:29:40 [main] INFO  olen4ixxx.triangle.service.impl.TriangleCalculationService - perimeter: 11.772699034745349
21-10-2021 15:29:40 [main] INFO  olen4ixxx.triangle.service.impl.TriangleCalculationService - TriangleCalculationService: triangleSquare(Triangle = {id: 1, Point{7,00, 2,00}, Point{3,00, 4,00}, Point{5,00, 6,00}})
21-10-2021 15:29:40 [main] INFO  olen4ixxx.triangle.service.impl.TriangleCalculationService - square: 6.000000000000001
21-10-2021 15:29:40 [main] INFO  io.olen4ixxx.triangle.entity.CustomTriangleFactory - Triangle created: Triangle = {id: 1, Point{7,00, 2,00}, Point{3,00, 4,00}, Point{5,00, 6,00}}
21-10-2021 15:29:40 [main] INFO  olen4ixxx.triangle.service.impl.TriangleCalculationService - TriangleCalculationService: trianglePerimeter(Triangle = {id: 1, Point{7,00, 2,00}, Point{3,00, 4,00}, Point{5,00, 6,00}})
21-10-2021 15:29:40 [main] INFO  olen4ixxx.triangle.service.impl.TriangleCalculationService - perimeter: 11.772699034745349
21-10-2021 15:29:40 [main] INFO  olen4ixxx.triangle.service.impl.TriangleCalculationService - TriangleCalculationService: triangleSquare(Triangle = {id: 1, Point{7,00, 2,00}, Point{3,00, 4,00}, Point{5,00, 6,00}})
21-10-2021 15:29:40 [main] INFO  olen4ixxx.triangle.service.impl.TriangleCalculationService - square: 6.000000000000001
21-10-2021 15:30:11 [main] INFO  olen4ixxx.triangle.filereader.impl.TriangleFileReader - TriangleFileReader: readLines(data/triangle.txt)
21-10-2021 15:30:11 [main] INFO  olen4ixxx.triangle.filereader.impl.TriangleFileReader - File is read
21-10-2021 15:30:11 [main] INFO  olen4ixxx.triangle.parser.impl.LinesToCustomTriangleParser - LinesToCustomTriangleParser: parseLinesToTriangleCoordinates([tt, 1 t, 0.0 0.0 10.0 0.0 0.0  10.0, 1.0 1.0 3.1 1.0 1.0  10.1])
21-10-2021 15:30:11 [main] INFO  olen4ixxx.triangle.parser.impl.LinesToCustomTriangleParser - listOfTriangleCoordinates: [0.0, 0.0, 10.0, 0.0, 0.0, 10.0, 1.0, 1.0, 3.1, 1.0, 1.0, 10.1]
21-10-2021 15:30:11 [main] INFO  io.olen4ixxx.triangle.entity.CustomTriangleFactory - CustomTriangleFactory: createCustomTriangle([1.0, 2.0, 3.0, 4.0, 5.0, 6.0])
21-10-2021 15:30:11 [main] INFO  olen4ixxx.triangle.service.impl.TriangleCalculationService - TriangleCalculationService: trianglePerimeter(Triangle = {id: 0, Point{1,00, 2,00}, Point{3,00, 4,00}, Point{5,00, 6,00}})
21-10-2021 15:30:11 [main] INFO  olen4ixxx.triangle.service.impl.TriangleCalculationService - perimeter: 11.313708498984761
21-10-2021 15:30:11 [main] INFO  olen4ixxx.triangle.service.impl.TriangleCalculationService - TriangleCalculationService: triangleSquare(Triangle = {id: 0, Point{1,00, 2,00}, Point{3,00, 4,00}, Point{5,00, 6,00}})
21-10-2021 15:30:11 [main] INFO  olen4ixxx.triangle.service.impl.TriangleCalculationService - square: 0.0
21-10-2021 15:30:11 [main] INFO  io.olen4ixxx.triangle.entity.CustomTriangleFactory - Triangle created: Triangle = {id: 0, Point{1,00, 2,00}, Point{3,00, 4,00}, Point{5,00, 6,00}}
21-10-2021 15:30:11 [main] INFO  olen4ixxx.triangle.service.impl.TriangleCalculationService - TriangleCalculationService: trianglePerimeter(Triangle = {id: 0, Point{1,00, 2,00}, Point{3,00, 4,00}, Point{5,00, 6,00}})
21-10-2021 15:30:11 [main] INFO  olen4ixxx.triangle.service.impl.TriangleCalculationService - perimeter: 11.313708498984761
21-10-2021 15:30:11 [main] INFO  olen4ixxx.triangle.service.impl.TriangleCalculationService - TriangleCalculationService: triangleSquare(Triangle = {id: 0, Point{1,00, 2,00}, Point{3,00, 4,00}, Point{5,00, 6,00}})
21-10-2021 15:30:11 [main] INFO  olen4ixxx.triangle.service.impl.TriangleCalculationService - square: 0.0
21-10-2021 15:30:11 [main] INFO  io.olen4ixxx.triangle.entity.CustomTriangleFactory - CustomTriangleFactory: createCustomTriangle([7.0, 2.0, 3.0, 4.0, 5.0, 6.0])
21-10-2021 15:30:11 [main] INFO  olen4ixxx.triangle.service.impl.TriangleCalculationService - TriangleCalculationService: trianglePerimeter(Triangle = {id: 1, Point{7,00, 2,00}, Point{3,00, 4,00}, Point{5,00, 6,00}})
21-10-2021 15:30:11 [main] INFO  olen4ixxx.triangle.service.impl.TriangleCalculationService - perimeter: 11.772699034745349
21-10-2021 15:30:11 [main] INFO  olen4ixxx.triangle.service.impl.TriangleCalculationService - TriangleCalculationService: triangleSquare(Triangle = {id: 1, Point{7,00, 2,00}, Point{3,00, 4,00}, Point{5,00, 6,00}})
21-10-2021 15:30:11 [main] INFO  olen4ixxx.triangle.service.impl.TriangleCalculationService - square: 6.000000000000001
21-10-2021 15:30:11 [main] INFO  io.olen4ixxx.triangle.entity.CustomTriangleFactory - Triangle created: Triangle = {id: 1, Point{7,00, 2,00}, Point{3,00, 4,00}, Point{5,00, 6,00}}
21-10-2021 15:30:11 [main] INFO  olen4ixxx.triangle.service.impl.TriangleCalculationService - TriangleCalculationService: trianglePerimeter(Triangle = {id: 1, Point{7,00, 2,00}, Point{3,00, 4,00}, Point{5,00, 6,00}})
21-10-2021 15:30:11 [main] INFO  olen4ixxx.triangle.service.impl.TriangleCalculationService - perimeter: 11.772699034745349
21-10-2021 15:30:11 [main] INFO  olen4ixxx.triangle.service.impl.TriangleCalculationService - TriangleCalculationService: triangleSquare(Triangle = {id: 1, Point{7,00, 2,00}, Point{3,00, 4,00}, Point{5,00, 6,00}})
21-10-2021 15:30:11 [main] INFO  olen4ixxx.triangle.service.impl.TriangleCalculationService - square: 6.000000000000001
21-10-2021 15:34:17 [main] INFO  olen4ixxx.triangle.filereader.impl.TriangleFileReader - TriangleFileReader: readLines(data/triangle.txt)
21-10-2021 15:34:17 [main] INFO  olen4ixxx.triangle.filereader.impl.TriangleFileReader - File is read
21-10-2021 15:34:17 [main] INFO  olen4ixxx.triangle.parser.impl.LinesToCustomTriangleParser - LinesToCustomTriangleParser: parseLinesToTriangleCoordinates([tt, 1 t, 0.0 0.0 10.0 0.0 0.0  10.0, 1.0 1.0 3.1 1.0 1.0  10.1])
21-10-2021 15:34:17 [main] INFO  olen4ixxx.triangle.parser.impl.LinesToCustomTriangleParser - listOfTriangleCoordinates: [[0.0, 0.0, 10.0, 0.0, 0.0, 10.0], [1.0, 1.0, 3.1, 1.0, 1.0, 10.1]]
21-10-2021 15:34:17 [main] INFO  io.olen4ixxx.triangle.entity.CustomTriangleFactory - CustomTriangleFactory: createCustomTriangle([0.0, 0.0, 10.0, 0.0, 0.0, 10.0])
21-10-2021 15:34:17 [main] INFO  olen4ixxx.triangle.service.impl.TriangleCalculationService - TriangleCalculationService: trianglePerimeter(Triangle = {id: 0, Point{0,00, 0,00}, Point{10,00, 0,00}, Point{0,00, 10,00}})
21-10-2021 15:34:17 [main] INFO  olen4ixxx.triangle.service.impl.TriangleCalculationService - perimeter: 34.14213562373095
21-10-2021 15:34:17 [main] INFO  olen4ixxx.triangle.service.impl.TriangleCalculationService - TriangleCalculationService: triangleSquare(Triangle = {id: 0, Point{0,00, 0,00}, Point{10,00, 0,00}, Point{0,00, 10,00}})
21-10-2021 15:34:17 [main] INFO  olen4ixxx.triangle.service.impl.TriangleCalculationService - square: 50.0
21-10-2021 15:34:17 [main] INFO  io.olen4ixxx.triangle.entity.CustomTriangleFactory - Triangle created: Triangle = {id: 0, Point{0,00, 0,00}, Point{10,00, 0,00}, Point{0,00, 10,00}}
21-10-2021 15:34:17 [main] INFO  olen4ixxx.triangle.service.impl.TriangleCalculationService - TriangleCalculationService: trianglePerimeter(Triangle = {id: 0, Point{0,00, 0,00}, Point{10,00, 0,00}, Point{0,00, 10,00}})
