21-10-2021 15:16:21 [main] INFO  olen4ixxx.triangle.service.impl.TriangleCalculationService - TriangleCalculationService: isIsosceles(Triangle = {id: 0, Point{0,00, 0,00}, Point{10,00, 0,00}, Point{5,00, 8,66}})
21-10-2021 15:16:21 [main] INFO  olen4ixxx.triangle.service.impl.TriangleCalculationService - isIsosceles: true
21-10-2021 15:16:21 [main] INFO  olen4ixxx.triangle.filereader.impl.TriangleFileReader - TriangleFileReader: readLines(data/triangle.txt)
21-10-2021 15:16:21 [main] INFO  olen4ixxx.triangle.filereader.impl.TriangleFileReader - File is read
21-10-2021 15:16:21 [main] INFO  olen4ixxx.triangle.parser.impl.LinesToCustomTriangleParser - LinesToCustomTriangleParser: parseLinesToTriangleCoordinates([tt, 1 t, 0.0 0.0 10.0 0.0 0.0  10.0, 1.0 1.0 3.1 1.0 1.0  10.1])
21-10-2021 15:16:21 [main] INFO  olen4ixxx.triangle.parser.impl.LinesToCustomTriangleParser - listOfTriangleCoordinates: [0.0, 0.0, 10.0, 0.0, 0.0, 10.0, 1.0, 1.0, 3.1, 1.0, 1.0, 10.1]
21-10-2021 15:16:21 [main] INFO  io.olen4ixxx.triangle.entity.CustomTriangleFactory - CustomTriangleFactory: createCustomTriangle([0.0, 0.0, 0.0, 0.0, 0.0, 0.0])
21-10-2021 15:16:21 [main] INFO  olen4ixxx.triangle.service.impl.TriangleCalculationService - TriangleCalculationService: trianglePerimeter(Triangle = {id: 1, Point{0,00, 0,00}, Point{0,00, 0,00}, Point{0,00, 0,00}})
21-10-2021 15:16:21 [main] INFO  olen4ixxx.triangle.service.impl.TriangleCalculationService - perimeter: 0.0
21-10-2021 15:16:21 [main] INFO  olen4ixxx.triangle.service.impl.TriangleCalculationService - TriangleCalculationService: triangleSquare(Triangle = {id: 1, Point{0,00, 0,00}, Point{0,00, 0,00}, Point{0,00, 0,00}})
21-10-2021 15:16:21 [main] INFO  olen4ixxx.triangle.service.impl.TriangleCalculationService - square: 0.0
21-10-2021 15:16:21 [main] INFO  io.olen4ixxx.triangle.entity.CustomTriangleFactory - Triangle created: Triangle = {id: 1, Point{0,00, 0,00}, Point{0,00, 0,00}, Point{0,00, 0,00}}
21-10-2021 15:16:21 [main] INFO  io.olen4ixxx.triangle.entity.CustomTriangleFactory - CustomTriangleFactory: createCustomTriangle([1.0, 1.0, 1.0, 1.0, 1.0, 1.0])
21-10-2021 15:16:21 [main] INFO  olen4ixxx.triangle.service.impl.TriangleCalculationService - TriangleCalculationService: trianglePerimeter(Triangle = {id: 2, Point{1,00, 1,00}, Point{1,00, 1,00}, Point{1,00, 1,00}})
21-10-2021 15:16:21 [main] INFO  olen4ixxx.triangle.service.impl.TriangleCalculationService - perimeter: 0.0
21-10-2021 15:16:21 [main] INFO  olen4ixxx.triangle.service.impl.TriangleCalculationService - TriangleCalculationService: triangleSquare(Triangle = {id: 2, Point{1,00, 1,00}, Point{1,00, 1,00}, Point{1,00, 1,00}})
21-10-2021 15:16:21 [main] INFO  olen4ixxx.triangle.service.impl.TriangleCalculationService - square: 0.0
21-10-2021 15:16:21 [main] INFO  io.olen4ixxx.triangle.entity.CustomTriangleFactory - Triangle created: Triangle = {id: 2, Point{1,00, 1,00}, Point{1,00, 1,00}, Point{1,00, 1,00}}
21-10-2021 15:18:29 [main] INFO  olen4ixxx.triangle.filereader.impl.TriangleFileReader - TriangleFileReader: readLines(data/triangle.txt)
21-10-2021 15:18:29 [main] INFO  olen4ixxx.triangle.filereader.impl.TriangleFileReader - File is read
21-10-2021 15:18:29 [main] INFO  olen4ixxx.triangle.parser.impl.LinesToCustomTriangleParser - LinesToCustomTriangleParser: parseLinesToTriangleCoordinates([tt, 1 t, 0.0 0.0 10.0 0.0 0.0  10.0, 1.0 1.0 3.1 1.0 1.0  10.1])
21-10-2021 15:18:30 [main] INFO  olen4ixxx.triangle.parser.impl.LinesToCustomTriangleParser - listOfTriangleCoordinates: [0.0, 0.0, 10.0, 0.0, 0.0, 10.0, 1.0, 1.0, 3.1, 1.0, 1.0, 10.1]
21-10-2021 15:18:30 [main] INFO  io.olen4ixxx.triangle.entity.CustomTriangleFactory - CustomTriangleFactory: createCustomTriangle([0.0, 0.0, 0.0, 0.0, 0.0, 0.0])
21-10-2021 15:18:30 [main] INFO  olen4ixxx.triangle.service.impl.TriangleCalculationService - TriangleCalculationService: trianglePerimeter(Triangle = {id: 0, Point{0,00, 0,00}, Point{0,00, 0,00}, Point{0,00, 0,00}})
21-10-2021 15:18:30 [main] INFO  olen4ixxx.triangle.service.impl.TriangleCalculationService - perimeter: 0.0
21-10-2021 15:18:30 [main] INFO  olen4ixxx.triangle.service.impl.TriangleCalculationService - TriangleCalculationService: triangleSquare(Triangle = {id: 0, Point{0,00, 0,00}, Point{0,00, 0,00}, Point{0,00, 0,00}})
21-10-2021 15:18:30 [main] INFO  olen4ixxx.triangle.service.impl.TriangleCalculationService - square: 0.0
21-10-2021 15:18:30 [main] INFO  io.olen4ixxx.triangle.entity.CustomTriangleFactory - Triangle created: Triangle = {id: 0, Point{0,00, 0,00}, Point{0,00, 0,00}, Point{0,00, 0,00}}
21-10-2021 15:18:30 [main] INFO  olen4ixxx.triangle.service.impl.TriangleCalculationService - TriangleCalculationService: trianglePerimeter(Triangle = {id: 0, Point{0,00, 0,00}, Point{0,00, 0,00}, Point{0,00, 0,00}})
21-10-2021 15:18:30 [main] INFO  olen4ixxx.triangle.service.impl.TriangleCalculationService - perimeter: 0.0
21-10-2021 15:18:30 [main] INFO  olen4ixxx.triangle.service.impl.TriangleCalculationService - TriangleCalculationService: triangleSquare(Triangle = {id: 0, Point{0,00, 0,00}, Point{0,00, 0,00}, Point{0,00, 0,00}})
21-10-2021 15:18:30 [main] INFO  olen4ixxx.triangle.service.impl.TriangleCalculationService - square: 0.0
21-10-2021 15:18:30 [main] INFO  io.olen4ixxx.triangle.entity.CustomTriangleFactory - CustomTriangleFactory: createCustomTriangle([1.0, 1.0, 1.0, 1.0, 1.0, 1.0])
21-10-2021 15:18:30 [main] INFO  olen4ixxx.triangle.service.impl.TriangleCalculationService - TriangleCalculationService: trianglePerimeter(Triangle = {id: 1, Point{1,00, 1,00}, Point{1,00, 1,00}, Point{1,00, 1,00}})
21-10-2021 15:18:30 [main] INFO  olen4ixxx.triangle.service.impl.TriangleCalculationService - perimeter: 0.0
21-10-2021 15:18:30 [main] INFO  olen4ixxx.triangle.service.impl.TriangleCalculationService - TriangleCalculationService: triangleSquare(Triangle = {id: 1, Point{1,00, 1,00}, Point{1,00, 1,00}, Point{1,00, 1,00}})
21-10-2021 15:18:30 [main] INFO  olen4ixxx.triangle.service.impl.TriangleCalculationService - square: 0.0
21-10-2021 15:18:30 [main] INFO  io.olen4ixxx.triangle.entity.CustomTriangleFactory - Triangle created: Triangle = {id: 1, Point{1,00, 1,00}, Point{1,00, 1,00}, Point{1,00, 1,00}}
21-10-2021 15:18:30 [main] INFO  olen4ixxx.triangle.service.impl.TriangleCalculationService - TriangleCalculationService: trianglePerimeter(Triangle = {id: 1, Point{1,00, 1,00}, Point{1,00, 1,00}, Point{1,00, 1,00}})
21-10-2021 15:18:30 [main] INFO  olen4ixxx.triangle.service.impl.TriangleCalculationService - perimeter: 0.0
21-10-2021 15:18:30 [main] INFO  olen4ixxx.triangle.service.impl.TriangleCalculationService - TriangleCalculationService: triangleSquare(Triangle = {id: 1, Point{1,00, 1,00}, Point{1,00, 1,00}, Point{1,00, 1,00}})
21-10-2021 15:18:30 [main] INFO  olen4ixxx.triangle.service.impl.TriangleCalculationService - square: 0.0
21-10-2021 15:21:51 [main] INFO  olen4ixxx.triangle.filereader.impl.TriangleFileReader - TriangleFileReader: readLines(data/triangle.txt)
21-10-2021 15:21:51 [main] INFO  olen4ixxx.triangle.filereader.impl.TriangleFileReader - File is read
21-10-2021 15:21:51 [main] INFO  olen4ixxx.triangle.parser.impl.LinesToCustomTriangleParser - LinesToCustomTriangleParser: parseLinesToTriangleCoordinates([tt, 1 t, 0.0 0.0 10.0 0.0 0.0  10.0, 1.0 1.0 3.1 1.0 1.0  10.1])
21-10-2021 15:21:51 [main] INFO  olen4ixxx.triangle.parser.impl.LinesToCustomTriangleParser - listOfTriangleCoordinates: [0.0, 0.0, 10.0, 0.0, 0.0, 10.0, 1.0, 1.0, 3.1, 1.0, 1.0, 10.1]
21-10-2021 15:21:51 [main] INFO  io.olen4ixxx.triangle.entity.CustomTriangleFactory - CustomTriangleFactory: createCustomTriangle([0.0, 0.0, 0.0, 0.0, 0.0, 0.0])
21-10-2021 15:21:51 [main] INFO  olen4ixxx.triangle.service.impl.TriangleCalculationService - TriangleCalculationService: trianglePerimeter(Triangle = {id: 0, Point{0,00, 0,00}, Point{0,00, 0,00}, Point{0,00, 0,00}})
21-10-2021 15:21:51 [main] INFO  olen4ixxx.triangle.service.impl.TriangleCalculationService - perimeter: 0.0
21-10-2021 15:21:51 [main] INFO  olen4ixxx.triangle.service.impl.TriangleCalculationService - TriangleCalculationService: triangleSquare(Triangle = {id: 0, Point{0,00, 0,00}, Point{0,00, 0,00}, Point{0,00, 0,00}})
21-10-2021 15:21:51 [main] INFO  olen4ixxx.triangle.service.impl.TriangleCalculationService - square: 0.0
21-10-2021 15:21:51 [main] INFO  io.olen4ixxx.triangle.entity.CustomTriangleFactory - Triangle created: Triangle = {id: 0, Point{0,00, 0,00}, Point{0,00, 0,00}, Point{0,00, 0,00}}
21-10-2021 15:21:51 [main] INFO  olen4ixxx.triangle.service.impl.TriangleCalculationService - TriangleCalculationService: trianglePerimeter(Triangle = {id: 0, Point{0,00, 0,00}, Point{0,00, 0,00}, Point{0,00, 0,00}})
21-10-2021 15:21:51 [main] INFO  olen4ixxx.triangle.service.impl.TriangleCalculationService - perimeter: 0.0
21-10-2021 15:21:51 [main] INFO  olen4ixxx.triangle.service.impl.TriangleCalculationService - TriangleCalculationService: triangleSquare(Triangle = {id: 0, Point{0,00, 0,00}, Point{0,00, 0,00}, Point{0,00, 0,00}})
21-10-2021 15:21:51 [main] INFO  olen4ixxx.triangle.service.impl.TriangleCalculationService - square: 0.0
21-10-2021 15:21:51 [main] INFO  io.olen4ixxx.triangle.entity.CustomTriangleFactory - CustomTriangleFactory: createCustomTriangle([1.0, 1.0, 1.0, 1.0, 1.0, 1.0])
21-10-2021 15:21:51 [main] INFO  olen4ixxx.triangle.service.impl.TriangleCalculationService - TriangleCalculationService: trianglePerimeter(Triangle = {id: 1, Point{1,00, 1,00}, Point{1,00, 1,00}, Point{1,00, 1,00}})
21-10-2021 15:21:51 [main] INFO  olen4ixxx.triangle.service.impl.TriangleCalculationService - perimeter: 0.0
21-10-2021 15:21:51 [main] INFO  olen4ixxx.triangle.service.impl.TriangleCalculationService - TriangleCalculationService: triangleSquare(Triangle = {id: 1, Point{1,00, 1,00}, Point{1,00, 1,00}, Point{1,00, 1,00}})
21-10-2021 15:21:51 [main] INFO  olen4ixxx.triangle.service.impl.TriangleCalculationService - square: 0.0
21-10-2021 15:21:51 [main] INFO  io.olen4ixxx.triangle.entity.CustomTriangleFactory - Triangle created: Triangle = {id: 1, Point{1,00, 1,00}, Point{1,00, 1,00}, Point{1,00, 1,00}}
21-10-2021 15:21:51 [main] INFO  olen4ixxx.triangle.service.impl.TriangleCalculationService - TriangleCalculationService: trianglePerimeter(Triangle = {id: 1, Point{1,00, 1,00}, Point{1,00, 1,00}, Point{1,00, 1,00}})
