21-10-2021 22:20:07 [main] INFO  io.olen4ixxx.triangle.util.IdGenerator - Id generated: 12
21-10-2021 22:20:07 [TestNG-method=testIsRegular-1] INFO  olen4ixxx.triangle.service.impl.TriangleCalculationService - TriangleCalculationService: isRegular(Triangle = {id: 11, Point{5,00, 8,66}, Point{10,00, 0,00}, Point{0,00, 0,00}})
21-10-2021 22:20:07 [TestNG-method=testIsRegular-1] INFO  olen4ixxx.triangle.service.impl.TriangleCalculationService - isRegular: true
21-10-2021 22:20:07 [main] INFO  io.olen4ixxx.triangle.util.IdGenerator - Id generated: 13
21-10-2021 22:20:07 [main] INFO  io.olen4ixxx.triangle.util.IdGenerator - Id generated: 14
21-10-2021 22:20:07 [main] INFO  io.olen4ixxx.triangle.util.IdGenerator - Id generated: 15
21-10-2021 22:20:07 [TestNG-method=testIsRight-1] INFO  olen4ixxx.triangle.service.impl.TriangleCalculationService - TriangleCalculationService: isRight(Triangle = {id: 13, Point{0,00, -10,00}, Point{-10,00, 0,00}, Point{0,00, 0,00}})
21-10-2021 22:20:07 [TestNG-method=testIsRight-1] INFO  olen4ixxx.triangle.service.impl.TriangleCalculationService - isRight: true
21-10-2021 22:20:07 [main] INFO  io.olen4ixxx.triangle.util.IdGenerator - Id generated: 16
21-10-2021 22:20:07 [main] INFO  io.olen4ixxx.triangle.util.IdGenerator - Id generated: 17
21-10-2021 22:20:07 [main] INFO  io.olen4ixxx.triangle.util.IdGenerator - Id generated: 18
21-10-2021 22:20:07 [TestNG-method=testTrianglePerimeter-1] INFO  olen4ixxx.triangle.service.impl.TriangleCalculationService - TriangleCalculationService: trianglePerimeter(Triangle = {id: 16, Point{0,00, -10,00}, Point{-10,00, 0,00}, Point{0,00, 0,00}})
21-10-2021 22:20:07 [TestNG-method=testTrianglePerimeter-1] INFO  olen4ixxx.triangle.service.impl.TriangleCalculationService - perimeter: 34.14213562373095
21-10-2021 22:20:07 [main] INFO  io.olen4ixxx.triangle.util.IdGenerator - Id generated: 19
21-10-2021 22:20:07 [main] INFO  io.olen4ixxx.triangle.util.IdGenerator - Id generated: 20
21-10-2021 22:20:07 [main] INFO  io.olen4ixxx.triangle.util.IdGenerator - Id generated: 21
21-10-2021 22:20:07 [TestNG-method=testTriangleSquare-1] INFO  olen4ixxx.triangle.service.impl.TriangleCalculationService - TriangleCalculationService: triangleSquare(Triangle = {id: 19, Point{0,00, -10,00}, Point{-10,00, 0,00}, Point{0,00, 0,00}})
21-10-2021 22:20:07 [TestNG-method=testTriangleSquare-1] INFO  olen4ixxx.triangle.service.impl.TriangleCalculationService - square: 50.00000000000001
21-10-2021 22:23:10 [TestNG-method=testCreateCustomTriangle-1] INFO  io.olen4ixxx.triangle.util.IdGenerator - Id generated: 1
21-10-2021 22:23:10 [TestNG-method=testCreateCustomTriangle-1] INFO  io.olen4ixxx.triangle.entity.CustomTriangleFactory - CustomTriangleFactory: createCustomTriangle([-1.0, 2.0, 2.0, 4.0, 3.0, 6.0])
21-10-2021 22:23:10 [TestNG-method=testCreateCustomTriangle-1] INFO  io.olen4ixxx.triangle.util.IdGenerator - Id generated: 2
21-10-2021 22:23:10 [TestNG-method=testCreateCustomTriangle-1] INFO  olen4ixxx.triangle.service.impl.TriangleCalculationService - TriangleCalculationService: trianglePerimeter(Triangle = {id: 2, Point{-1,00, 2,00}, Point{2,00, 4,00}, Point{3,00, 6,00}})
21-10-2021 22:23:10 [TestNG-method=testCreateCustomTriangle-1] INFO  olen4ixxx.triangle.service.impl.TriangleCalculationService - perimeter: 11.498473502456159
21-10-2021 22:23:10 [TestNG-method=testCreateCustomTriangle-1] INFO  olen4ixxx.triangle.service.impl.TriangleCalculationService - TriangleCalculationService: triangleSquare(Triangle = {id: 2, Point{-1,00, 2,00}, Point{2,00, 4,00}, Point{3,00, 6,00}})
21-10-2021 22:23:10 [TestNG-method=testCreateCustomTriangle-1] INFO  olen4ixxx.triangle.service.impl.TriangleCalculationService - square: 1.9999999999999978
21-10-2021 22:23:10 [TestNG-method=testCreateCustomTriangle-1] INFO  io.olen4ixxx.triangle.entity.CustomTriangleFactory - Triangle created: Triangle = {id: 2, Point{-1,00, 2,00}, Point{2,00, 4,00}, Point{3,00, 6,00}}
21-10-2021 22:23:11 [main] INFO  io.olen4ixxx.triangle.entity.CustomTriangleFactory - CustomTriangleFactory: createCustomTriangle([1.0, 2.0, 3.0, 4.0, 5.0])
21-10-2021 22:23:11 [main] ERROR io.olen4ixxx.triangle.entity.CustomTriangleFactory - Check the array: Points do not define a triangle
21-10-2021 22:23:11 [main] INFO  io.olen4ixxx.triangle.entity.CustomTriangleFactory - CustomTriangleFactory: createCustomTriangle([1.0, 2.0, 2.0, 4.0, 3.0, 6.0])
21-10-2021 22:23:11 [main] ERROR io.olen4ixxx.triangle.entity.CustomTriangleFactory - Check the array: Points do not define a triangle
21-10-2021 22:25:12 [TestNG-method=testCreateCustomTriangle-1] INFO  io.olen4ixxx.triangle.util.IdGenerator - Id generated: 1
21-10-2021 22:25:12 [TestNG-method=testCreateCustomTriangle-1] INFO  io.olen4ixxx.triangle.entity.CustomTriangleFactory - CustomTriangleFactory: createCustomTriangle([-1.0, 2.0, 2.0, 4.0, 3.0, 6.0])
21-10-2021 22:25:12 [TestNG-method=testCreateCustomTriangle-1] INFO  io.olen4ixxx.triangle.util.IdGenerator - Id generated: 2
21-10-2021 22:25:12 [TestNG-method=testCreateCustomTriangle-1] INFO  olen4ixxx.triangle.service.impl.TriangleCalculationService - TriangleCalculationService: trianglePerimeter(Triangle = {id: 2, Point{-1,00, 2,00}, Point{2,00, 4,00}, Point{3,00, 6,00}})
21-10-2021 22:25:12 [TestNG-method=testCreateCustomTriangle-1] INFO  olen4ixxx.triangle.service.impl.TriangleCalculationService - perimeter: 11.498473502456159
21-10-2021 22:25:12 [TestNG-method=testCreateCustomTriangle-1] INFO  olen4ixxx.triangle.service.impl.TriangleCalculationService - TriangleCalculationService: triangleSquare(Triangle = {id: 2, Point{-1,00, 2,00}, Point{2,00, 4,00}, Point{3,00, 6,00}})
21-10-2021 22:25:12 [TestNG-method=testCreateCustomTriangle-1] INFO  olen4ixxx.triangle.service.impl.TriangleCalculationService - square: 1.9999999999999978
21-10-2021 22:25:12 [TestNG-method=testCreateCustomTriangle-1] INFO  io.olen4ixxx.triangle.entity.CustomTriangleFactory - Triangle created: Triangle = {id: 2, Point{-1,00, 2,00}, Point{2,00, 4,00}, Point{3,00, 6,00}}
21-10-2021 22:25:12 [main] INFO  io.olen4ixxx.triangle.entity.CustomTriangleFactory - CustomTriangleFactory: createCustomTriangle([1.0, 2.0, 3.0, 4.0, 5.0])
21-10-2021 22:25:12 [main] ERROR io.olen4ixxx.triangle.entity.CustomTriangleFactory - Check the array: Points do not define a triangle
21-10-2021 22:25:12 [main] INFO  io.olen4ixxx.triangle.entity.CustomTriangleFactory - CustomTriangleFactory: createCustomTriangle([1.0, 2.0, 2.0, 4.0, 3.0, 6.0])
21-10-2021 22:25:12 [main] ERROR io.olen4ixxx.triangle.entity.CustomTriangleFactory - Check the array: Points do not define a triangle
21-10-2021 22:25:33 [TestNG-method=testCreateCustomTriangle-1] INFO  io.olen4ixxx.triangle.util.IdGenerator - Id generated: 1
21-10-2021 22:25:33 [TestNG-method=testCreateCustomTriangle-1] INFO  io.olen4ixxx.triangle.entity.CustomTriangleFactory - CustomTriangleFactory: createCustomTriangle([-1.0, 2.0, 2.0, 4.0, 3.0, 6.0])
21-10-2021 22:25:33 [TestNG-method=testCreateCustomTriangle-1] INFO  io.olen4ixxx.triangle.util.IdGenerator - Id generated: 2
21-10-2021 22:25:33 [TestNG-method=testCreateCustomTriangle-1] INFO  olen4ixxx.triangle.service.impl.TriangleCalculationService - TriangleCalculationService: trianglePerimeter(Triangle = {id: 2, Point{-1,00, 2,00}, Point{2,00, 4,00}, Point{3,00, 6,00}})
21-10-2021 22:25:33 [TestNG-method=testCreateCustomTriangle-1] INFO  olen4ixxx.triangle.service.impl.TriangleCalculationService - perimeter: 11.498473502456159
21-10-2021 22:25:33 [TestNG-method=testCreateCustomTriangle-1] INFO  olen4ixxx.triangle.service.impl.TriangleCalculationService - TriangleCalculationService: triangleSquare(Triangle = {id: 2, Point{-1,00, 2,00}, Point{2,00, 4,00}, Point{3,00, 6,00}})
21-10-2021 22:25:33 [TestNG-method=testCreateCustomTriangle-1] INFO  olen4ixxx.triangle.service.impl.TriangleCalculationService - square: 1.9999999999999978
21-10-2021 22:25:33 [TestNG-method=testCreateCustomTriangle-1] INFO  io.olen4ixxx.triangle.entity.CustomTriangleFactory - Triangle created: Triangle = {id: 2, Point{-1,00, 2,00}, Point{2,00, 4,00}, Point{3,00, 6,00}}
21-10-2021 22:25:33 [main] INFO  io.olen4ixxx.triangle.entity.CustomTriangleFactory - CustomTriangleFactory: createCustomTriangle([1.0, 2.0, 3.0, 4.0, 5.0])
21-10-2021 22:25:33 [main] ERROR io.olen4ixxx.triangle.entity.CustomTriangleFactory - Check the array: Points do not define a triangle
21-10-2021 22:25:33 [main] INFO  io.olen4ixxx.triangle.entity.CustomTriangleFactory - CustomTriangleFactory: createCustomTriangle([1.0, 2.0, 2.0, 4.0, 3.0, 6.0])
21-10-2021 22:25:33 [main] ERROR io.olen4ixxx.triangle.entity.CustomTriangleFactory - Check the array: Points do not define a triangle
21-10-2021 22:25:50 [TestNG-method=testReadLines-1] INFO  olen4ixxx.triangle.filereader.impl.TriangleFileReader - TriangleFileReader: readLines(data/triangleTest.txt)
21-10-2021 22:25:50 [TestNG-method=testReadLines-1] INFO  olen4ixxx.triangle.filereader.impl.TriangleFileReader - File is read
21-10-2021 22:25:50 [main] INFO  olen4ixxx.triangle.filereader.impl.TriangleFileReader - TriangleFileReader: readLines(data/wrongName.txt)
21-10-2021 22:25:50 [main] ERROR olen4ixxx.triangle.filereader.impl.TriangleFileReader - File is not found (data/wrongName.txt)
21-10-2021 22:26:04 [TestNG-method=testParseLinesToTriangleCoordinates-1] INFO  olen4ixxx.triangle.parser.impl.CustomTriangleParser - LinesToCustomTriangleParser: parseLinesToTriangleCoordinates([tt, 1 t, 0.0 0.0 10.0 0.0 0.0  10.0, , 1.0 1.0 3.1 1.0 1.0  10.1])
21-10-2021 22:26:05 [TestNG-method=testParseLinesToTriangleCoordinates-1] INFO  olen4ixxx.triangle.parser.impl.CustomTriangleParser - listOfTriangleCoordinates: [[0.0, 0.0, 10.0, 0.0, 0.0, 10.0], [1.0, 1.0, 3.1, 1.0, 1.0, 10.1]]
21-10-2021 22:26:05 [main] INFO  olen4ixxx.triangle.parser.impl.CustomTriangleParser - LinesToCustomTriangleParser: parseLinesToTriangleCoordinates([])
21-10-2021 22:26:05 [main] ERROR olen4ixxx.triangle.parser.impl.CustomTriangleParser - List is empty or null
21-10-2021 22:26:05 [main] INFO  olen4ixxx.triangle.parser.impl.CustomTriangleParser - LinesToCustomTriangleParser: parseLinesToTriangleCoordinates(null)
