29-10-2021 23:48:32 [main] INFO  io.olen4ixxx.triangle.entity.CustomTriangleFactory - CustomTriangleFactory: createCustomTriangle(5.0, 8.660254037844386, 10.0, 0.0, 0.0, 0.0)
29-10-2021 23:48:32 [main] INFO  io.olen4ixxx.triangle.util.IdGenerator - Id generated: 14
29-10-2021 23:48:32 [main] INFO  olen4ixxx.triangle.service.impl.TriangleCalculationService - TriangleCalculationService: trianglePerimeter(Triangle = {id: 14, Point{5,00, 8,66}, Point{10,00, 0,00}, Point{0,00, 0,00}})
29-10-2021 23:48:32 [main] INFO  olen4ixxx.triangle.service.impl.TriangleCalculationService - perimeter: 30.0
29-10-2021 23:48:32 [main] INFO  olen4ixxx.triangle.service.impl.TriangleCalculationService - TriangleCalculationService: triangleSquare(Triangle = {id: 14, Point{5,00, 8,66}, Point{10,00, 0,00}, Point{0,00, 0,00}})
29-10-2021 23:48:32 [main] INFO  olen4ixxx.triangle.service.impl.TriangleCalculationService - square: 43.30127018922193
29-10-2021 23:48:32 [main] INFO  io.olen4ixxx.triangle.entity.CustomTriangleFactory - Triangle created: Triangle = {id: 14, Point{5,00, 8,66}, Point{10,00, 0,00}, Point{0,00, 0,00}}
29-10-2021 23:48:32 [main] INFO  io.olen4ixxx.triangle.entity.CustomTriangleFactory - CustomTriangleFactory: createCustomTriangle(0.0, 10.0, 10.0, 0.0, 1.0, 0.0)
29-10-2021 23:48:32 [main] INFO  io.olen4ixxx.triangle.util.IdGenerator - Id generated: 15
29-10-2021 23:48:32 [main] INFO  olen4ixxx.triangle.service.impl.TriangleCalculationService - TriangleCalculationService: trianglePerimeter(Triangle = {id: 15, Point{0,00, 10,00}, Point{10,00, 0,00}, Point{1,00, 0,00}})
29-10-2021 23:48:32 [main] INFO  olen4ixxx.triangle.service.impl.TriangleCalculationService - perimeter: 33.19201124485184
29-10-2021 23:48:32 [main] INFO  olen4ixxx.triangle.service.impl.TriangleCalculationService - TriangleCalculationService: triangleSquare(Triangle = {id: 15, Point{0,00, 10,00}, Point{10,00, 0,00}, Point{1,00, 0,00}})
29-10-2021 23:48:32 [main] INFO  olen4ixxx.triangle.service.impl.TriangleCalculationService - square: 45.0
29-10-2021 23:48:32 [main] INFO  io.olen4ixxx.triangle.entity.CustomTriangleFactory - Triangle created: Triangle = {id: 15, Point{0,00, 10,00}, Point{10,00, 0,00}, Point{1,00, 0,00}}
29-10-2021 23:48:32 [TestNG-method=testIsRight-1] INFO  olen4ixxx.triangle.service.impl.TriangleCalculationService - TriangleCalculationService: isRight(Triangle = {id: 14, Point{5,00, 8,66}, Point{10,00, 0,00}, Point{0,00, 0,00}})
29-10-2021 23:48:32 [TestNG-method=testIsRight-1] INFO  olen4ixxx.triangle.service.impl.TriangleCalculationService - isRight: false
29-10-2021 23:48:32 [main] INFO  io.olen4ixxx.triangle.entity.CustomTriangleFactory - CustomTriangleFactory: createCustomTriangle(0.0, -10.0, -10.0, 0.0, 0.0, 0.0)
29-10-2021 23:48:32 [main] INFO  io.olen4ixxx.triangle.util.IdGenerator - Id generated: 16
29-10-2021 23:48:32 [main] INFO  olen4ixxx.triangle.service.impl.TriangleCalculationService - TriangleCalculationService: trianglePerimeter(Triangle = {id: 16, Point{0,00, -10,00}, Point{-10,00, 0,00}, Point{0,00, 0,00}})
29-10-2021 23:48:32 [main] INFO  olen4ixxx.triangle.service.impl.TriangleCalculationService - perimeter: 34.14213562373095
29-10-2021 23:48:32 [main] INFO  olen4ixxx.triangle.service.impl.TriangleCalculationService - TriangleCalculationService: triangleSquare(Triangle = {id: 16, Point{0,00, -10,00}, Point{-10,00, 0,00}, Point{0,00, 0,00}})
29-10-2021 23:48:32 [main] INFO  olen4ixxx.triangle.service.impl.TriangleCalculationService - square: 50.00000000000001
29-10-2021 23:48:32 [main] INFO  io.olen4ixxx.triangle.entity.CustomTriangleFactory - Triangle created: Triangle = {id: 16, Point{0,00, -10,00}, Point{-10,00, 0,00}, Point{0,00, 0,00}}
29-10-2021 23:48:32 [main] INFO  io.olen4ixxx.triangle.entity.CustomTriangleFactory - CustomTriangleFactory: createCustomTriangle(5.0, 8.660254037844386, 10.0, 0.0, 0.0, 0.0)
29-10-2021 23:48:32 [main] INFO  io.olen4ixxx.triangle.util.IdGenerator - Id generated: 17
29-10-2021 23:48:32 [main] INFO  olen4ixxx.triangle.service.impl.TriangleCalculationService - TriangleCalculationService: trianglePerimeter(Triangle = {id: 17, Point{5,00, 8,66}, Point{10,00, 0,00}, Point{0,00, 0,00}})
29-10-2021 23:48:32 [main] INFO  olen4ixxx.triangle.service.impl.TriangleCalculationService - perimeter: 30.0
29-10-2021 23:48:32 [main] INFO  olen4ixxx.triangle.service.impl.TriangleCalculationService - TriangleCalculationService: triangleSquare(Triangle = {id: 17, Point{5,00, 8,66}, Point{10,00, 0,00}, Point{0,00, 0,00}})
29-10-2021 23:48:32 [main] INFO  olen4ixxx.triangle.service.impl.TriangleCalculationService - square: 43.30127018922193
29-10-2021 23:48:32 [main] INFO  io.olen4ixxx.triangle.entity.CustomTriangleFactory - Triangle created: Triangle = {id: 17, Point{5,00, 8,66}, Point{10,00, 0,00}, Point{0,00, 0,00}}
29-10-2021 23:48:32 [main] INFO  io.olen4ixxx.triangle.entity.CustomTriangleFactory - CustomTriangleFactory: createCustomTriangle(0.0, 10.0, 10.0, 0.0, 1.0, 0.0)
29-10-2021 23:48:32 [main] INFO  io.olen4ixxx.triangle.util.IdGenerator - Id generated: 18
29-10-2021 23:48:32 [main] INFO  olen4ixxx.triangle.service.impl.TriangleCalculationService - TriangleCalculationService: trianglePerimeter(Triangle = {id: 18, Point{0,00, 10,00}, Point{10,00, 0,00}, Point{1,00, 0,00}})
29-10-2021 23:48:32 [main] INFO  olen4ixxx.triangle.service.impl.TriangleCalculationService - perimeter: 33.19201124485184
29-10-2021 23:48:32 [main] INFO  olen4ixxx.triangle.service.impl.TriangleCalculationService - TriangleCalculationService: triangleSquare(Triangle = {id: 18, Point{0,00, 10,00}, Point{10,00, 0,00}, Point{1,00, 0,00}})
29-10-2021 23:48:32 [main] INFO  olen4ixxx.triangle.service.impl.TriangleCalculationService - square: 45.0
29-10-2021 23:48:32 [main] INFO  io.olen4ixxx.triangle.entity.CustomTriangleFactory - Triangle created: Triangle = {id: 18, Point{0,00, 10,00}, Point{10,00, 0,00}, Point{1,00, 0,00}}
29-10-2021 23:48:32 [TestNG-method=testTrianglePerimeter-1] INFO  olen4ixxx.triangle.service.impl.TriangleCalculationService - TriangleCalculationService: trianglePerimeter(Triangle = {id: 16, Point{0,00, -10,00}, Point{-10,00, 0,00}, Point{0,00, 0,00}})
29-10-2021 23:48:32 [TestNG-method=testTrianglePerimeter-1] INFO  olen4ixxx.triangle.service.impl.TriangleCalculationService - perimeter: 34.14213562373095
29-10-2021 23:48:32 [main] INFO  io.olen4ixxx.triangle.entity.CustomTriangleFactory - CustomTriangleFactory: createCustomTriangle(0.0, -10.0, -10.0, 0.0, 0.0, 0.0)
29-10-2021 23:48:32 [main] INFO  io.olen4ixxx.triangle.util.IdGenerator - Id generated: 19
29-10-2021 23:48:32 [main] INFO  olen4ixxx.triangle.service.impl.TriangleCalculationService - TriangleCalculationService: trianglePerimeter(Triangle = {id: 19, Point{0,00, -10,00}, Point{-10,00, 0,00}, Point{0,00, 0,00}})
29-10-2021 23:48:32 [main] INFO  olen4ixxx.triangle.service.impl.TriangleCalculationService - perimeter: 34.14213562373095
29-10-2021 23:48:32 [main] INFO  olen4ixxx.triangle.service.impl.TriangleCalculationService - TriangleCalculationService: triangleSquare(Triangle = {id: 19, Point{0,00, -10,00}, Point{-10,00, 0,00}, Point{0,00, 0,00}})
29-10-2021 23:48:32 [main] INFO  olen4ixxx.triangle.service.impl.TriangleCalculationService - square: 50.00000000000001
29-10-2021 23:48:32 [main] INFO  io.olen4ixxx.triangle.entity.CustomTriangleFactory - Triangle created: Triangle = {id: 19, Point{0,00, -10,00}, Point{-10,00, 0,00}, Point{0,00, 0,00}}
29-10-2021 23:48:32 [main] INFO  io.olen4ixxx.triangle.entity.CustomTriangleFactory - CustomTriangleFactory: createCustomTriangle(5.0, 8.660254037844386, 10.0, 0.0, 0.0, 0.0)
29-10-2021 23:48:32 [main] INFO  io.olen4ixxx.triangle.util.IdGenerator - Id generated: 20
29-10-2021 23:48:32 [main] INFO  olen4ixxx.triangle.service.impl.TriangleCalculationService - TriangleCalculationService: trianglePerimeter(Triangle = {id: 20, Point{5,00, 8,66}, Point{10,00, 0,00}, Point{0,00, 0,00}})
29-10-2021 23:48:33 [main] INFO  olen4ixxx.triangle.service.impl.TriangleCalculationService - perimeter: 30.0
29-10-2021 23:48:33 [main] INFO  olen4ixxx.triangle.service.impl.TriangleCalculationService - TriangleCalculationService: triangleSquare(Triangle = {id: 20, Point{5,00, 8,66}, Point{10,00, 0,00}, Point{0,00, 0,00}})
29-10-2021 23:48:33 [main] INFO  olen4ixxx.triangle.service.impl.TriangleCalculationService - square: 43.30127018922193
29-10-2021 23:48:33 [main] INFO  io.olen4ixxx.triangle.entity.CustomTriangleFactory - Triangle created: Triangle = {id: 20, Point{5,00, 8,66}, Point{10,00, 0,00}, Point{0,00, 0,00}}
29-10-2021 23:48:33 [main] INFO  io.olen4ixxx.triangle.entity.CustomTriangleFactory - CustomTriangleFactory: createCustomTriangle(0.0, 10.0, 10.0, 0.0, 1.0, 0.0)
29-10-2021 23:48:33 [main] INFO  io.olen4ixxx.triangle.util.IdGenerator - Id generated: 21
29-10-2021 23:48:33 [main] INFO  olen4ixxx.triangle.service.impl.TriangleCalculationService - TriangleCalculationService: trianglePerimeter(Triangle = {id: 21, Point{0,00, 10,00}, Point{10,00, 0,00}, Point{1,00, 0,00}})
29-10-2021 23:48:33 [main] INFO  olen4ixxx.triangle.service.impl.TriangleCalculationService - perimeter: 33.19201124485184
29-10-2021 23:48:33 [main] INFO  olen4ixxx.triangle.service.impl.TriangleCalculationService - TriangleCalculationService: triangleSquare(Triangle = {id: 21, Point{0,00, 10,00}, Point{10,00, 0,00}, Point{1,00, 0,00}})
29-10-2021 23:48:33 [main] INFO  olen4ixxx.triangle.service.impl.TriangleCalculationService - square: 45.0
29-10-2021 23:48:33 [main] INFO  io.olen4ixxx.triangle.entity.CustomTriangleFactory - Triangle created: Triangle = {id: 21, Point{0,00, 10,00}, Point{10,00, 0,00}, Point{1,00, 0,00}}
29-10-2021 23:48:33 [TestNG-method=testTriangleSquare-1] INFO  olen4ixxx.triangle.service.impl.TriangleCalculationService - TriangleCalculationService: triangleSquare(Triangle = {id: 19, Point{0,00, -10,00}, Point{-10,00, 0,00}, Point{0,00, 0,00}})
29-10-2021 23:48:33 [TestNG-method=testTriangleSquare-1] INFO  olen4ixxx.triangle.service.impl.TriangleCalculationService - square: 50.00000000000001
29-10-2021 23:50:38 [main] INFO  io.olen4ixxx.triangle.entity.CustomTriangleFactory - CustomTriangleFactory: createCustomTriangle(0.0, -10.0, -10.0, 0.0, 0.0, 0.0)
