29-10-2021 00:25:31 [main] INFO  olen4ixxx.triangle.service.impl.TriangleCalculationService - TriangleCalculationService: triangleSquare(Triangle = {id: 3, Point{3,00, 2,00}, Point{3,00, 4,00}, Point{5,00, -6,00}})
29-10-2021 00:25:31 [main] INFO  olen4ixxx.triangle.service.impl.TriangleCalculationService - square: 2.000000000000015
29-10-2021 00:25:31 [main] INFO  io.olen4ixxx.triangle.entity.CustomTriangleFactory - Triangle created: Triangle = {id: 3, Point{3,00, 2,00}, Point{3,00, 4,00}, Point{5,00, -6,00}}
29-10-2021 00:25:31 [main] INFO  io.olen4ixxx.triangle.entity.CustomTriangleFactory - CustomTriangleFactory: createCustomTriangle(1.0, 2.0, 3.0, 4.0, 0.5, 0.6)
29-10-2021 00:25:31 [main] INFO  io.olen4ixxx.triangle.util.IdGenerator - Id generated: 4
29-10-2021 00:25:31 [main] INFO  olen4ixxx.triangle.service.impl.TriangleCalculationService - TriangleCalculationService: trianglePerimeter(Triangle = {id: 4, Point{1,00, 2,00}, Point{3,00, 4,00}, Point{0,50, 0,60}})
29-10-2021 00:25:31 [main] INFO  olen4ixxx.triangle.service.impl.TriangleCalculationService - perimeter: 8.535223568679879
29-10-2021 00:25:31 [main] INFO  olen4ixxx.triangle.service.impl.TriangleCalculationService - TriangleCalculationService: triangleSquare(Triangle = {id: 4, Point{1,00, 2,00}, Point{3,00, 4,00}, Point{0,50, 0,60}})
29-10-2021 00:25:31 [main] INFO  olen4ixxx.triangle.service.impl.TriangleCalculationService - square: 0.9000000000000056
29-10-2021 00:25:31 [main] INFO  io.olen4ixxx.triangle.entity.CustomTriangleFactory - Triangle created: Triangle = {id: 4, Point{1,00, 2,00}, Point{3,00, 4,00}, Point{0,50, 0,60}}
29-10-2021 00:25:31 [TestNG-method=testSort-1] INFO  io.olen4ixxx.triangle.repository.CustomRepository - Repository sorted by io.olen4ixxx.triangle.comparator.CustomXComparator@2e90b4b1
29-10-2021 00:25:31 [TestNG-method=testSort-1] INFO  io.olen4ixxx.triangle.repository.CustomRepository - queryList from repository: [Triangle = {id: 4, Point{1,00, 2,00}, Point{3,00, 4,00}, Point{0,50, 0,60}}]
29-10-2021 21:40:39 [TestNG-method=testCreateCustomTriangle-1] INFO  io.olen4ixxx.triangle.util.IdGenerator - Id generated: 1
29-10-2021 21:40:39 [TestNG-method=testCreateCustomTriangle-1] INFO  io.olen4ixxx.triangle.entity.CustomTriangleFactory - CustomTriangleFactory: createCustomTriangle([-1.0, 2.0, 2.0, 4.0, 3.0, 6.0])
29-10-2021 21:40:39 [TestNG-method=testCreateCustomTriangle-1] INFO  io.olen4ixxx.triangle.util.IdGenerator - Id generated: 2
29-10-2021 21:40:39 [TestNG-method=testCreateCustomTriangle-1] INFO  olen4ixxx.triangle.service.impl.TriangleCalculationService - TriangleCalculationService: trianglePerimeter(Triangle = {id: 2, Point{-1,00, 2,00}, Point{2,00, 4,00}, Point{3,00, 6,00}})
29-10-2021 21:40:39 [TestNG-method=testCreateCustomTriangle-1] INFO  olen4ixxx.triangle.service.impl.TriangleCalculationService - perimeter: 11.498473502456159
29-10-2021 21:40:39 [TestNG-method=testCreateCustomTriangle-1] INFO  olen4ixxx.triangle.service.impl.TriangleCalculationService - TriangleCalculationService: triangleSquare(Triangle = {id: 2, Point{-1,00, 2,00}, Point{2,00, 4,00}, Point{3,00, 6,00}})
29-10-2021 21:40:39 [TestNG-method=testCreateCustomTriangle-1] INFO  olen4ixxx.triangle.service.impl.TriangleCalculationService - square: 1.9999999999999978
29-10-2021 21:40:39 [TestNG-method=testCreateCustomTriangle-1] INFO  io.olen4ixxx.triangle.entity.CustomTriangleFactory - Triangle created: Triangle = {id: 2, Point{-1,00, 2,00}, Point{2,00, 4,00}, Point{3,00, 6,00}}
29-10-2021 23:23:54 [TestNG-method=testQueryFirstQuadrant-1] INFO  io.olen4ixxx.triangle.entity.CustomTriangleFactory - CustomTriangleFactory: createCustomTriangle(2.0, 2.0, 3.0, 4.0, -5.0, -6.0)
29-10-2021 23:23:54 [TestNG-method=testQueryFirstQuadrant-1] INFO  io.olen4ixxx.triangle.util.IdGenerator - Id generated: 1
29-10-2021 23:23:54 [TestNG-method=testQueryFirstQuadrant-1] INFO  olen4ixxx.triangle.service.impl.TriangleCalculationService - TriangleCalculationService: trianglePerimeter(Triangle = {id: 1, Point{2,00, 2,00}, Point{3,00, 4,00}, Point{-5,00, -6,00}})
29-10-2021 23:23:54 [TestNG-method=testQueryFirstQuadrant-1] INFO  olen4ixxx.triangle.service.impl.TriangleCalculationService - perimeter: 25.672462265100137
29-10-2021 23:23:54 [TestNG-method=testQueryFirstQuadrant-1] INFO  olen4ixxx.triangle.service.impl.TriangleCalculationService - TriangleCalculationService: triangleSquare(Triangle = {id: 1, Point{2,00, 2,00}, Point{3,00, 4,00}, Point{-5,00, -6,00}})
29-10-2021 23:23:54 [TestNG-method=testQueryFirstQuadrant-1] INFO  olen4ixxx.triangle.service.impl.TriangleCalculationService - square: 3.0000000000000244
29-10-2021 23:23:54 [TestNG-method=testQueryFirstQuadrant-1] INFO  io.olen4ixxx.triangle.entity.CustomTriangleFactory - Triangle created: Triangle = {id: 1, Point{2,00, 2,00}, Point{3,00, 4,00}, Point{-5,00, -6,00}}
29-10-2021 23:23:54 [TestNG-method=testQueryFirstQuadrant-1] INFO  io.olen4ixxx.triangle.entity.CustomTriangleFactory - CustomTriangleFactory: createCustomTriangle(4.0, 2.0, 3.0, 4.0, -5.0, 6.0)
29-10-2021 23:23:54 [TestNG-method=testQueryFirstQuadrant-1] INFO  io.olen4ixxx.triangle.util.IdGenerator - Id generated: 2
29-10-2021 23:23:54 [TestNG-method=testQueryFirstQuadrant-1] INFO  olen4ixxx.triangle.service.impl.TriangleCalculationService - TriangleCalculationService: trianglePerimeter(Triangle = {id: 2, Point{4,00, 2,00}, Point{3,00, 4,00}, Point{-5,00, 6,00}})
29-10-2021 23:23:54 [TestNG-method=testQueryFirstQuadrant-1] INFO  olen4ixxx.triangle.service.impl.TriangleCalculationService - perimeter: 20.331137030531217
29-10-2021 23:23:54 [TestNG-method=testQueryFirstQuadrant-1] INFO  olen4ixxx.triangle.service.impl.TriangleCalculationService - TriangleCalculationService: triangleSquare(Triangle = {id: 2, Point{4,00, 2,00}, Point{3,00, 4,00}, Point{-5,00, 6,00}})
29-10-2021 23:23:54 [TestNG-method=testQueryFirstQuadrant-1] INFO  olen4ixxx.triangle.service.impl.TriangleCalculationService - square: 7.000000000000005
29-10-2021 23:23:54 [TestNG-method=testQueryFirstQuadrant-1] INFO  io.olen4ixxx.triangle.entity.CustomTriangleFactory - Triangle created: Triangle = {id: 2, Point{4,00, 2,00}, Point{3,00, 4,00}, Point{-5,00, 6,00}}
29-10-2021 23:23:54 [TestNG-method=testQueryFirstQuadrant-1] INFO  io.olen4ixxx.triangle.entity.CustomTriangleFactory - CustomTriangleFactory: createCustomTriangle(3.0, 2.0, 3.0, 4.0, 5.0, -6.0)
29-10-2021 23:23:54 [TestNG-method=testQueryFirstQuadrant-1] INFO  io.olen4ixxx.triangle.util.IdGenerator - Id generated: 3
29-10-2021 23:23:54 [TestNG-method=testQueryFirstQuadrant-1] INFO  olen4ixxx.triangle.service.impl.TriangleCalculationService - TriangleCalculationService: trianglePerimeter(Triangle = {id: 3, Point{3,00, 2,00}, Point{3,00, 4,00}, Point{5,00, -6,00}})
29-10-2021 23:23:54 [TestNG-method=testQueryFirstQuadrant-1] INFO  olen4ixxx.triangle.service.impl.TriangleCalculationService - perimeter: 20.44425027842089
29-10-2021 23:23:54 [TestNG-method=testQueryFirstQuadrant-1] INFO  olen4ixxx.triangle.service.impl.TriangleCalculationService - TriangleCalculationService: triangleSquare(Triangle = {id: 3, Point{3,00, 2,00}, Point{3,00, 4,00}, Point{5,00, -6,00}})
29-10-2021 23:23:54 [TestNG-method=testQueryFirstQuadrant-1] INFO  olen4ixxx.triangle.service.impl.TriangleCalculationService - square: 2.000000000000015
29-10-2021 23:23:54 [TestNG-method=testQueryFirstQuadrant-1] INFO  io.olen4ixxx.triangle.entity.CustomTriangleFactory - Triangle created: Triangle = {id: 3, Point{3,00, 2,00}, Point{3,00, 4,00}, Point{5,00, -6,00}}
29-10-2021 23:23:54 [TestNG-method=testQueryFirstQuadrant-1] INFO  io.olen4ixxx.triangle.entity.CustomTriangleFactory - CustomTriangleFactory: createCustomTriangle(1.0, 2.0, 3.0, 4.0, 0.5, 0.6)
29-10-2021 23:23:54 [TestNG-method=testQueryFirstQuadrant-1] INFO  io.olen4ixxx.triangle.util.IdGenerator - Id generated: 4
29-10-2021 23:23:54 [TestNG-method=testQueryFirstQuadrant-1] INFO  olen4ixxx.triangle.service.impl.TriangleCalculationService - TriangleCalculationService: trianglePerimeter(Triangle = {id: 4, Point{1,00, 2,00}, Point{3,00, 4,00}, Point{0,50, 0,60}})
29-10-2021 23:23:54 [TestNG-method=testQueryFirstQuadrant-1] INFO  olen4ixxx.triangle.service.impl.TriangleCalculationService - perimeter: 8.535223568679879
29-10-2021 23:23:54 [TestNG-method=testQueryFirstQuadrant-1] INFO  olen4ixxx.triangle.service.impl.TriangleCalculationService - TriangleCalculationService: triangleSquare(Triangle = {id: 4, Point{1,00, 2,00}, Point{3,00, 4,00}, Point{0,50, 0,60}})
29-10-2021 23:23:54 [TestNG-method=testQueryFirstQuadrant-1] INFO  olen4ixxx.triangle.service.impl.TriangleCalculationService - square: 0.9000000000000056
29-10-2021 23:23:54 [TestNG-method=testQueryFirstQuadrant-1] INFO  io.olen4ixxx.triangle.entity.CustomTriangleFactory - Triangle created: Triangle = {id: 4, Point{1,00, 2,00}, Point{3,00, 4,00}, Point{0,50, 0,60}}
29-10-2021 23:23:54 [TestNG-method=testQueryFirstQuadrant-1] INFO  io.olen4ixxx.triangle.repository.CustomRepository - queryList from repository: [Triangle = {id: 4, Point{1,00, 2,00}, Point{3,00, 4,00}, Point{0,50, 0,60}}]
29-10-2021 23:23:54 [TestNG-method=testQueryId-1] INFO  io.olen4ixxx.triangle.entity.CustomTriangleFactory - CustomTriangleFactory: createCustomTriangle(2.0, 2.0, 3.0, 4.0, -5.0, -6.0)
29-10-2021 23:23:54 [TestNG-method=testQueryId-1] INFO  io.olen4ixxx.triangle.util.IdGenerator - Id generated: 5
29-10-2021 23:23:54 [TestNG-method=testQueryId-1] INFO  olen4ixxx.triangle.service.impl.TriangleCalculationService - TriangleCalculationService: trianglePerimeter(Triangle = {id: 5, Point{2,00, 2,00}, Point{3,00, 4,00}, Point{-5,00, -6,00}})
29-10-2021 23:23:54 [TestNG-method=testQueryId-1] INFO  olen4ixxx.triangle.service.impl.TriangleCalculationService - perimeter: 25.672462265100137
29-10-2021 23:23:54 [TestNG-method=testQueryId-1] INFO  olen4ixxx.triangle.service.impl.TriangleCalculationService - TriangleCalculationService: triangleSquare(Triangle = {id: 5, Point{2,00, 2,00}, Point{3,00, 4,00}, Point{-5,00, -6,00}})
29-10-2021 23:23:54 [TestNG-method=testQueryId-1] INFO  olen4ixxx.triangle.service.impl.TriangleCalculationService - square: 3.0000000000000244
