29-10-2021 23:50:38 [main] INFO  io.olen4ixxx.triangle.util.IdGenerator - Id generated: 1
29-10-2021 23:50:38 [main] INFO  olen4ixxx.triangle.service.impl.TriangleCalculationService - TriangleCalculationService: trianglePerimeter(Triangle = {id: 1, Point{0,00, -10,00}, Point{-10,00, 0,00}, Point{0,00, 0,00}})
29-10-2021 23:50:38 [main] INFO  olen4ixxx.triangle.service.impl.TriangleCalculationService - perimeter: 34.14213562373095
29-10-2021 23:50:38 [main] INFO  olen4ixxx.triangle.service.impl.TriangleCalculationService - TriangleCalculationService: triangleSquare(Triangle = {id: 1, Point{0,00, -10,00}, Point{-10,00, 0,00}, Point{0,00, 0,00}})
29-10-2021 23:50:38 [main] INFO  olen4ixxx.triangle.service.impl.TriangleCalculationService - square: 50.00000000000001
29-10-2021 23:50:38 [main] INFO  io.olen4ixxx.triangle.entity.CustomTriangleFactory - Triangle created: Triangle = {id: 1, Point{0,00, -10,00}, Point{-10,00, 0,00}, Point{0,00, 0,00}}
29-10-2021 23:50:38 [main] INFO  io.olen4ixxx.triangle.entity.CustomTriangleFactory - CustomTriangleFactory: createCustomTriangle(5.0, 8.660254037844386, 10.0, 0.0, 0.0, 0.0)
29-10-2021 23:50:38 [main] INFO  io.olen4ixxx.triangle.util.IdGenerator - Id generated: 2
29-10-2021 23:50:38 [main] INFO  olen4ixxx.triangle.service.impl.TriangleCalculationService - TriangleCalculationService: trianglePerimeter(Triangle = {id: 2, Point{5,00, 8,66}, Point{10,00, 0,00}, Point{0,00, 0,00}})
29-10-2021 23:50:38 [main] INFO  olen4ixxx.triangle.service.impl.TriangleCalculationService - perimeter: 30.0
29-10-2021 23:50:38 [main] INFO  olen4ixxx.triangle.service.impl.TriangleCalculationService - TriangleCalculationService: triangleSquare(Triangle = {id: 2, Point{5,00, 8,66}, Point{10,00, 0,00}, Point{0,00, 0,00}})
29-10-2021 23:50:38 [main] INFO  olen4ixxx.triangle.service.impl.TriangleCalculationService - square: 43.30127018922193
29-10-2021 23:50:38 [main] INFO  io.olen4ixxx.triangle.entity.CustomTriangleFactory - Triangle created: Triangle = {id: 2, Point{5,00, 8,66}, Point{10,00, 0,00}, Point{0,00, 0,00}}
29-10-2021 23:50:38 [main] INFO  io.olen4ixxx.triangle.entity.CustomTriangleFactory - CustomTriangleFactory: createCustomTriangle(0.0, 10.0, 10.0, 0.0, 1.0, 0.0)
29-10-2021 23:50:38 [main] INFO  io.olen4ixxx.triangle.util.IdGenerator - Id generated: 3
29-10-2021 23:50:38 [main] INFO  olen4ixxx.triangle.service.impl.TriangleCalculationService - TriangleCalculationService: trianglePerimeter(Triangle = {id: 3, Point{0,00, 10,00}, Point{10,00, 0,00}, Point{1,00, 0,00}})
29-10-2021 23:50:38 [main] INFO  olen4ixxx.triangle.service.impl.TriangleCalculationService - perimeter: 33.19201124485184
29-10-2021 23:50:38 [main] INFO  olen4ixxx.triangle.service.impl.TriangleCalculationService - TriangleCalculationService: triangleSquare(Triangle = {id: 3, Point{0,00, 10,00}, Point{10,00, 0,00}, Point{1,00, 0,00}})
29-10-2021 23:50:38 [main] INFO  olen4ixxx.triangle.service.impl.TriangleCalculationService - square: 45.0
29-10-2021 23:50:38 [main] INFO  io.olen4ixxx.triangle.entity.CustomTriangleFactory - Triangle created: Triangle = {id: 3, Point{0,00, 10,00}, Point{10,00, 0,00}, Point{1,00, 0,00}}
29-10-2021 23:50:38 [TestNG-method=testIsAcute-1] INFO  olen4ixxx.triangle.service.impl.TriangleCalculationService - TriangleCalculationService: isAcute(Triangle = {id: 2, Point{5,00, 8,66}, Point{10,00, 0,00}, Point{0,00, 0,00}})
29-10-2021 23:50:38 [TestNG-method=testIsAcute-1] INFO  olen4ixxx.triangle.service.impl.TriangleCalculationService - isAcute: true
29-10-2021 23:50:38 [main] INFO  io.olen4ixxx.triangle.entity.CustomTriangleFactory - CustomTriangleFactory: createCustomTriangle(0.0, -10.0, -10.0, 0.0, 0.0, 0.0)
29-10-2021 23:50:38 [main] INFO  io.olen4ixxx.triangle.util.IdGenerator - Id generated: 4
29-10-2021 23:50:38 [main] INFO  olen4ixxx.triangle.service.impl.TriangleCalculationService - TriangleCalculationService: trianglePerimeter(Triangle = {id: 4, Point{0,00, -10,00}, Point{-10,00, 0,00}, Point{0,00, 0,00}})
29-10-2021 23:50:38 [main] INFO  olen4ixxx.triangle.service.impl.TriangleCalculationService - perimeter: 34.14213562373095
29-10-2021 23:50:38 [main] INFO  olen4ixxx.triangle.service.impl.TriangleCalculationService - TriangleCalculationService: triangleSquare(Triangle = {id: 4, Point{0,00, -10,00}, Point{-10,00, 0,00}, Point{0,00, 0,00}})
29-10-2021 23:50:38 [main] INFO  olen4ixxx.triangle.service.impl.TriangleCalculationService - square: 50.00000000000001
29-10-2021 23:50:38 [main] INFO  io.olen4ixxx.triangle.entity.CustomTriangleFactory - Triangle created: Triangle = {id: 4, Point{0,00, -10,00}, Point{-10,00, 0,00}, Point{0,00, 0,00}}
29-10-2021 23:50:38 [main] INFO  io.olen4ixxx.triangle.entity.CustomTriangleFactory - CustomTriangleFactory: createCustomTriangle(5.0, 8.660254037844386, 10.0, 0.0, 0.0, 0.0)
29-10-2021 23:50:38 [main] INFO  io.olen4ixxx.triangle.util.IdGenerator - Id generated: 5
29-10-2021 23:50:38 [main] INFO  olen4ixxx.triangle.service.impl.TriangleCalculationService - TriangleCalculationService: trianglePerimeter(Triangle = {id: 5, Point{5,00, 8,66}, Point{10,00, 0,00}, Point{0,00, 0,00}})
29-10-2021 23:50:38 [main] INFO  olen4ixxx.triangle.service.impl.TriangleCalculationService - perimeter: 30.0
29-10-2021 23:50:38 [main] INFO  olen4ixxx.triangle.service.impl.TriangleCalculationService - TriangleCalculationService: triangleSquare(Triangle = {id: 5, Point{5,00, 8,66}, Point{10,00, 0,00}, Point{0,00, 0,00}})
29-10-2021 23:50:38 [main] INFO  olen4ixxx.triangle.service.impl.TriangleCalculationService - square: 43.30127018922193
29-10-2021 23:50:38 [main] INFO  io.olen4ixxx.triangle.entity.CustomTriangleFactory - Triangle created: Triangle = {id: 5, Point{5,00, 8,66}, Point{10,00, 0,00}, Point{0,00, 0,00}}
29-10-2021 23:50:38 [main] INFO  io.olen4ixxx.triangle.entity.CustomTriangleFactory - CustomTriangleFactory: createCustomTriangle(0.0, 10.0, 10.0, 0.0, 1.0, 0.0)
29-10-2021 23:50:38 [main] INFO  io.olen4ixxx.triangle.util.IdGenerator - Id generated: 6
29-10-2021 23:50:38 [main] INFO  olen4ixxx.triangle.service.impl.TriangleCalculationService - TriangleCalculationService: trianglePerimeter(Triangle = {id: 6, Point{0,00, 10,00}, Point{10,00, 0,00}, Point{1,00, 0,00}})
29-10-2021 23:50:38 [main] INFO  olen4ixxx.triangle.service.impl.TriangleCalculationService - perimeter: 33.19201124485184
29-10-2021 23:50:38 [main] INFO  olen4ixxx.triangle.service.impl.TriangleCalculationService - TriangleCalculationService: triangleSquare(Triangle = {id: 6, Point{0,00, 10,00}, Point{10,00, 0,00}, Point{1,00, 0,00}})
29-10-2021 23:50:38 [main] INFO  olen4ixxx.triangle.service.impl.TriangleCalculationService - square: 45.0
29-10-2021 23:50:38 [main] INFO  io.olen4ixxx.triangle.entity.CustomTriangleFactory - Triangle created: Triangle = {id: 6, Point{0,00, 10,00}, Point{10,00, 0,00}, Point{1,00, 0,00}}
29-10-2021 23:50:38 [TestNG-method=testIsIsosceles-1] INFO  olen4ixxx.triangle.service.impl.TriangleCalculationService - TriangleCalculationService: isIsosceles(Triangle = {id: 5, Point{5,00, 8,66}, Point{10,00, 0,00}, Point{0,00, 0,00}})
29-10-2021 23:50:38 [TestNG-method=testIsIsosceles-1] INFO  olen4ixxx.triangle.service.impl.TriangleCalculationService - isIsosceles: true
29-10-2021 23:50:38 [main] INFO  io.olen4ixxx.triangle.entity.CustomTriangleFactory - CustomTriangleFactory: createCustomTriangle(0.0, -10.0, -10.0, 0.0, 0.0, 0.0)
29-10-2021 23:50:38 [main] INFO  io.olen4ixxx.triangle.util.IdGenerator - Id generated: 7
29-10-2021 23:50:38 [main] INFO  olen4ixxx.triangle.service.impl.TriangleCalculationService - TriangleCalculationService: trianglePerimeter(Triangle = {id: 7, Point{0,00, -10,00}, Point{-10,00, 0,00}, Point{0,00, 0,00}})
29-10-2021 23:50:38 [main] INFO  olen4ixxx.triangle.service.impl.TriangleCalculationService - perimeter: 34.14213562373095
29-10-2021 23:50:38 [main] INFO  olen4ixxx.triangle.service.impl.TriangleCalculationService - TriangleCalculationService: triangleSquare(Triangle = {id: 7, Point{0,00, -10,00}, Point{-10,00, 0,00}, Point{0,00, 0,00}})
29-10-2021 23:50:38 [main] INFO  olen4ixxx.triangle.service.impl.TriangleCalculationService - square: 50.00000000000001
29-10-2021 23:50:38 [main] INFO  io.olen4ixxx.triangle.entity.CustomTriangleFactory - Triangle created: Triangle = {id: 7, Point{0,00, -10,00}, Point{-10,00, 0,00}, Point{0,00, 0,00}}
29-10-2021 23:50:38 [main] INFO  io.olen4ixxx.triangle.entity.CustomTriangleFactory - CustomTriangleFactory: createCustomTriangle(5.0, 8.660254037844386, 10.0, 0.0, 0.0, 0.0)
29-10-2021 23:50:38 [main] INFO  io.olen4ixxx.triangle.util.IdGenerator - Id generated: 8
29-10-2021 23:50:38 [main] INFO  olen4ixxx.triangle.service.impl.TriangleCalculationService - TriangleCalculationService: trianglePerimeter(Triangle = {id: 8, Point{5,00, 8,66}, Point{10,00, 0,00}, Point{0,00, 0,00}})
29-10-2021 23:50:38 [main] INFO  olen4ixxx.triangle.service.impl.TriangleCalculationService - perimeter: 30.0
29-10-2021 23:50:38 [main] INFO  olen4ixxx.triangle.service.impl.TriangleCalculationService - TriangleCalculationService: triangleSquare(Triangle = {id: 8, Point{5,00, 8,66}, Point{10,00, 0,00}, Point{0,00, 0,00}})
29-10-2021 23:50:38 [main] INFO  olen4ixxx.triangle.service.impl.TriangleCalculationService - square: 43.30127018922193
29-10-2021 23:50:38 [main] INFO  io.olen4ixxx.triangle.entity.CustomTriangleFactory - Triangle created: Triangle = {id: 8, Point{5,00, 8,66}, Point{10,00, 0,00}, Point{0,00, 0,00}}
29-10-2021 23:50:38 [main] INFO  io.olen4ixxx.triangle.entity.CustomTriangleFactory - CustomTriangleFactory: createCustomTriangle(0.0, 10.0, 10.0, 0.0, 1.0, 0.0)
29-10-2021 23:50:38 [main] INFO  io.olen4ixxx.triangle.util.IdGenerator - Id generated: 9
29-10-2021 23:50:38 [main] INFO  olen4ixxx.triangle.service.impl.TriangleCalculationService - TriangleCalculationService: trianglePerimeter(Triangle = {id: 9, Point{0,00, 10,00}, Point{10,00, 0,00}, Point{1,00, 0,00}})
29-10-2021 23:50:38 [main] INFO  olen4ixxx.triangle.service.impl.TriangleCalculationService - perimeter: 33.19201124485184
29-10-2021 23:50:38 [main] INFO  olen4ixxx.triangle.service.impl.TriangleCalculationService - TriangleCalculationService: triangleSquare(Triangle = {id: 9, Point{0,00, 10,00}, Point{10,00, 0,00}, Point{1,00, 0,00}})
