29-10-2021 23:26:13 [TestNG-method=testQueryId-1] INFO  olen4ixxx.triangle.service.impl.TriangleCalculationService - perimeter: 20.44425027842089
29-10-2021 23:26:13 [TestNG-method=testQueryId-1] INFO  olen4ixxx.triangle.service.impl.TriangleCalculationService - TriangleCalculationService: triangleSquare(Triangle = {id: 7, Point{3,00, 2,00}, Point{3,00, 4,00}, Point{5,00, -6,00}})
29-10-2021 23:26:13 [TestNG-method=testQueryId-1] INFO  olen4ixxx.triangle.service.impl.TriangleCalculationService - square: 2.000000000000015
29-10-2021 23:26:13 [TestNG-method=testQueryId-1] INFO  io.olen4ixxx.triangle.entity.CustomTriangleFactory - Triangle created: Triangle = {id: 7, Point{3,00, 2,00}, Point{3,00, 4,00}, Point{5,00, -6,00}}
29-10-2021 23:26:13 [TestNG-method=testQueryId-1] INFO  io.olen4ixxx.triangle.entity.CustomTriangleFactory - CustomTriangleFactory: createCustomTriangle(1.0, 2.0, 3.0, 4.0, 0.5, 0.6)
29-10-2021 23:26:13 [TestNG-method=testQueryId-1] INFO  io.olen4ixxx.triangle.util.IdGenerator - Id generated: 8
29-10-2021 23:26:13 [TestNG-method=testQueryId-1] INFO  olen4ixxx.triangle.service.impl.TriangleCalculationService - TriangleCalculationService: trianglePerimeter(Triangle = {id: 8, Point{1,00, 2,00}, Point{3,00, 4,00}, Point{0,50, 0,60}})
29-10-2021 23:26:13 [TestNG-method=testQueryId-1] INFO  olen4ixxx.triangle.service.impl.TriangleCalculationService - perimeter: 8.535223568679879
29-10-2021 23:26:13 [TestNG-method=testQueryId-1] INFO  olen4ixxx.triangle.service.impl.TriangleCalculationService - TriangleCalculationService: triangleSquare(Triangle = {id: 8, Point{1,00, 2,00}, Point{3,00, 4,00}, Point{0,50, 0,60}})
29-10-2021 23:26:13 [TestNG-method=testQueryId-1] INFO  olen4ixxx.triangle.service.impl.TriangleCalculationService - square: 0.9000000000000056
29-10-2021 23:26:13 [TestNG-method=testQueryId-1] INFO  io.olen4ixxx.triangle.entity.CustomTriangleFactory - Triangle created: Triangle = {id: 8, Point{1,00, 2,00}, Point{3,00, 4,00}, Point{0,50, 0,60}}
29-10-2021 23:26:13 [TestNG-method=testQueryId-1] INFO  io.olen4ixxx.triangle.repository.CustomRepository - queryList from repository: [Triangle = {id: 4, Point{1,00, 2,00}, Point{3,00, 4,00}, Point{0,50, 0,60}}]
29-10-2021 23:26:13 [TestNG-method=testQueryInRadiusOfO-1] INFO  io.olen4ixxx.triangle.entity.CustomTriangleFactory - CustomTriangleFactory: createCustomTriangle(2.0, 2.0, 3.0, 4.0, -5.0, -6.0)
29-10-2021 23:26:13 [TestNG-method=testQueryInRadiusOfO-1] INFO  io.olen4ixxx.triangle.util.IdGenerator - Id generated: 9
29-10-2021 23:26:13 [TestNG-method=testQueryInRadiusOfO-1] INFO  olen4ixxx.triangle.service.impl.TriangleCalculationService - TriangleCalculationService: trianglePerimeter(Triangle = {id: 9, Point{2,00, 2,00}, Point{3,00, 4,00}, Point{-5,00, -6,00}})
29-10-2021 23:26:13 [TestNG-method=testQueryInRadiusOfO-1] INFO  olen4ixxx.triangle.service.impl.TriangleCalculationService - perimeter: 25.672462265100137
29-10-2021 23:26:13 [TestNG-method=testQueryInRadiusOfO-1] INFO  olen4ixxx.triangle.service.impl.TriangleCalculationService - TriangleCalculationService: triangleSquare(Triangle = {id: 9, Point{2,00, 2,00}, Point{3,00, 4,00}, Point{-5,00, -6,00}})
29-10-2021 23:26:13 [TestNG-method=testQueryInRadiusOfO-1] INFO  olen4ixxx.triangle.service.impl.TriangleCalculationService - square: 3.0000000000000244
29-10-2021 23:26:13 [TestNG-method=testQueryInRadiusOfO-1] INFO  io.olen4ixxx.triangle.entity.CustomTriangleFactory - Triangle created: Triangle = {id: 9, Point{2,00, 2,00}, Point{3,00, 4,00}, Point{-5,00, -6,00}}
29-10-2021 23:26:13 [TestNG-method=testQueryInRadiusOfO-1] INFO  io.olen4ixxx.triangle.entity.CustomTriangleFactory - CustomTriangleFactory: createCustomTriangle(4.0, 2.0, 3.0, 4.0, -5.0, 6.0)
29-10-2021 23:26:13 [TestNG-method=testQueryInRadiusOfO-1] INFO  io.olen4ixxx.triangle.util.IdGenerator - Id generated: 10
29-10-2021 23:26:13 [TestNG-method=testQueryInRadiusOfO-1] INFO  olen4ixxx.triangle.service.impl.TriangleCalculationService - TriangleCalculationService: trianglePerimeter(Triangle = {id: 10, Point{4,00, 2,00}, Point{3,00, 4,00}, Point{-5,00, 6,00}})
29-10-2021 23:26:13 [TestNG-method=testQueryInRadiusOfO-1] INFO  olen4ixxx.triangle.service.impl.TriangleCalculationService - perimeter: 20.331137030531217
29-10-2021 23:26:13 [TestNG-method=testQueryInRadiusOfO-1] INFO  olen4ixxx.triangle.service.impl.TriangleCalculationService - TriangleCalculationService: triangleSquare(Triangle = {id: 10, Point{4,00, 2,00}, Point{3,00, 4,00}, Point{-5,00, 6,00}})
29-10-2021 23:26:13 [TestNG-method=testQueryInRadiusOfO-1] INFO  olen4ixxx.triangle.service.impl.TriangleCalculationService - square: 7.000000000000005
29-10-2021 23:26:13 [TestNG-method=testQueryInRadiusOfO-1] INFO  io.olen4ixxx.triangle.entity.CustomTriangleFactory - Triangle created: Triangle = {id: 10, Point{4,00, 2,00}, Point{3,00, 4,00}, Point{-5,00, 6,00}}
29-10-2021 23:26:13 [TestNG-method=testQueryInRadiusOfO-1] INFO  io.olen4ixxx.triangle.entity.CustomTriangleFactory - CustomTriangleFactory: createCustomTriangle(3.0, 2.0, 3.0, 4.0, 5.0, -6.0)
29-10-2021 23:26:13 [TestNG-method=testQueryInRadiusOfO-1] INFO  io.olen4ixxx.triangle.util.IdGenerator - Id generated: 11
29-10-2021 23:26:13 [TestNG-method=testQueryInRadiusOfO-1] INFO  olen4ixxx.triangle.service.impl.TriangleCalculationService - TriangleCalculationService: trianglePerimeter(Triangle = {id: 11, Point{3,00, 2,00}, Point{3,00, 4,00}, Point{5,00, -6,00}})
29-10-2021 23:26:13 [TestNG-method=testQueryInRadiusOfO-1] INFO  olen4ixxx.triangle.service.impl.TriangleCalculationService - perimeter: 20.44425027842089
29-10-2021 23:26:13 [TestNG-method=testQueryInRadiusOfO-1] INFO  olen4ixxx.triangle.service.impl.TriangleCalculationService - TriangleCalculationService: triangleSquare(Triangle = {id: 11, Point{3,00, 2,00}, Point{3,00, 4,00}, Point{5,00, -6,00}})
29-10-2021 23:26:13 [TestNG-method=testQueryInRadiusOfO-1] INFO  olen4ixxx.triangle.service.impl.TriangleCalculationService - square: 2.000000000000015
29-10-2021 23:26:13 [TestNG-method=testQueryInRadiusOfO-1] INFO  io.olen4ixxx.triangle.entity.CustomTriangleFactory - Triangle created: Triangle = {id: 11, Point{3,00, 2,00}, Point{3,00, 4,00}, Point{5,00, -6,00}}
29-10-2021 23:26:13 [TestNG-method=testQueryInRadiusOfO-1] INFO  io.olen4ixxx.triangle.entity.CustomTriangleFactory - CustomTriangleFactory: createCustomTriangle(1.0, 2.0, 3.0, 4.0, 0.5, 0.6)
29-10-2021 23:26:13 [TestNG-method=testQueryInRadiusOfO-1] INFO  io.olen4ixxx.triangle.util.IdGenerator - Id generated: 12
29-10-2021 23:26:13 [TestNG-method=testQueryInRadiusOfO-1] INFO  olen4ixxx.triangle.service.impl.TriangleCalculationService - TriangleCalculationService: trianglePerimeter(Triangle = {id: 12, Point{1,00, 2,00}, Point{3,00, 4,00}, Point{0,50, 0,60}})
29-10-2021 23:26:13 [TestNG-method=testQueryInRadiusOfO-1] INFO  olen4ixxx.triangle.service.impl.TriangleCalculationService - perimeter: 8.535223568679879
29-10-2021 23:26:13 [TestNG-method=testQueryInRadiusOfO-1] INFO  olen4ixxx.triangle.service.impl.TriangleCalculationService - TriangleCalculationService: triangleSquare(Triangle = {id: 12, Point{1,00, 2,00}, Point{3,00, 4,00}, Point{0,50, 0,60}})
29-10-2021 23:26:13 [TestNG-method=testQueryInRadiusOfO-1] INFO  olen4ixxx.triangle.service.impl.TriangleCalculationService - square: 0.9000000000000056
29-10-2021 23:26:13 [TestNG-method=testQueryInRadiusOfO-1] INFO  io.olen4ixxx.triangle.entity.CustomTriangleFactory - Triangle created: Triangle = {id: 12, Point{1,00, 2,00}, Point{3,00, 4,00}, Point{0,50, 0,60}}
29-10-2021 23:26:13 [TestNG-method=testQueryInRadiusOfO-1] INFO  io.olen4ixxx.triangle.repository.CustomRepository - queryList from repository: [Triangle = {id: 4, Point{1,00, 2,00}, Point{3,00, 4,00}, Point{0,50, 0,60}}, Triangle = {id: 8, Point{1,00, 2,00}, Point{3,00, 4,00}, Point{0,50, 0,60}}, Triangle = {id: 12, Point{1,00, 2,00}, Point{3,00, 4,00}, Point{0,50, 0,60}}]
29-10-2021 23:26:13 [TestNG-method=testQueryPerimeterIsBetween-1] INFO  io.olen4ixxx.triangle.entity.CustomTriangleFactory - CustomTriangleFactory: createCustomTriangle(2.0, 2.0, 3.0, 4.0, -5.0, -6.0)
29-10-2021 23:26:13 [TestNG-method=testQueryPerimeterIsBetween-1] INFO  io.olen4ixxx.triangle.util.IdGenerator - Id generated: 13
29-10-2021 23:26:13 [TestNG-method=testQueryPerimeterIsBetween-1] INFO  olen4ixxx.triangle.service.impl.TriangleCalculationService - TriangleCalculationService: trianglePerimeter(Triangle = {id: 13, Point{2,00, 2,00}, Point{3,00, 4,00}, Point{-5,00, -6,00}})
29-10-2021 23:26:13 [TestNG-method=testQueryPerimeterIsBetween-1] INFO  olen4ixxx.triangle.service.impl.TriangleCalculationService - perimeter: 25.672462265100137
29-10-2021 23:26:13 [TestNG-method=testQueryPerimeterIsBetween-1] INFO  olen4ixxx.triangle.service.impl.TriangleCalculationService - TriangleCalculationService: triangleSquare(Triangle = {id: 13, Point{2,00, 2,00}, Point{3,00, 4,00}, Point{-5,00, -6,00}})
29-10-2021 23:26:13 [TestNG-method=testQueryPerimeterIsBetween-1] INFO  olen4ixxx.triangle.service.impl.TriangleCalculationService - square: 3.0000000000000244
29-10-2021 23:26:13 [TestNG-method=testQueryPerimeterIsBetween-1] INFO  io.olen4ixxx.triangle.entity.CustomTriangleFactory - Triangle created: Triangle = {id: 13, Point{2,00, 2,00}, Point{3,00, 4,00}, Point{-5,00, -6,00}}
29-10-2021 23:26:13 [TestNG-method=testQueryPerimeterIsBetween-1] INFO  io.olen4ixxx.triangle.entity.CustomTriangleFactory - CustomTriangleFactory: createCustomTriangle(4.0, 2.0, 3.0, 4.0, -5.0, 6.0)
29-10-2021 23:26:13 [TestNG-method=testQueryPerimeterIsBetween-1] INFO  io.olen4ixxx.triangle.util.IdGenerator - Id generated: 14
29-10-2021 23:26:13 [TestNG-method=testQueryPerimeterIsBetween-1] INFO  olen4ixxx.triangle.service.impl.TriangleCalculationService - TriangleCalculationService: trianglePerimeter(Triangle = {id: 14, Point{4,00, 2,00}, Point{3,00, 4,00}, Point{-5,00, 6,00}})
29-10-2021 23:26:13 [TestNG-method=testQueryPerimeterIsBetween-1] INFO  olen4ixxx.triangle.service.impl.TriangleCalculationService - perimeter: 20.331137030531217
29-10-2021 23:26:13 [TestNG-method=testQueryPerimeterIsBetween-1] INFO  olen4ixxx.triangle.service.impl.TriangleCalculationService - TriangleCalculationService: triangleSquare(Triangle = {id: 14, Point{4,00, 2,00}, Point{3,00, 4,00}, Point{-5,00, 6,00}})
