29-10-2021 23:47:54 [main] INFO  olen4ixxx.triangle.service.impl.TriangleCalculationService - square: 7.000000000000005
29-10-2021 23:47:54 [main] INFO  io.olen4ixxx.triangle.entity.CustomTriangleFactory - Triangle created: Triangle = {id: 14, Point{4,00, 2,00}, Point{3,00, 4,00}, Point{-5,00, 6,00}}
29-10-2021 23:47:54 [main] INFO  io.olen4ixxx.triangle.entity.CustomTriangleFactory - CustomTriangleFactory: createCustomTriangle(3.0, 2.0, 3.0, 4.0, 5.0, -6.0)
29-10-2021 23:47:54 [main] INFO  io.olen4ixxx.triangle.util.IdGenerator - Id generated: 15
29-10-2021 23:47:54 [main] INFO  olen4ixxx.triangle.service.impl.TriangleCalculationService - TriangleCalculationService: trianglePerimeter(Triangle = {id: 15, Point{3,00, 2,00}, Point{3,00, 4,00}, Point{5,00, -6,00}})
29-10-2021 23:47:54 [main] INFO  olen4ixxx.triangle.service.impl.TriangleCalculationService - perimeter: 20.44425027842089
29-10-2021 23:47:54 [main] INFO  olen4ixxx.triangle.service.impl.TriangleCalculationService - TriangleCalculationService: triangleSquare(Triangle = {id: 15, Point{3,00, 2,00}, Point{3,00, 4,00}, Point{5,00, -6,00}})
29-10-2021 23:47:54 [main] INFO  olen4ixxx.triangle.service.impl.TriangleCalculationService - square: 2.000000000000015
29-10-2021 23:47:54 [main] INFO  io.olen4ixxx.triangle.entity.CustomTriangleFactory - Triangle created: Triangle = {id: 15, Point{3,00, 2,00}, Point{3,00, 4,00}, Point{5,00, -6,00}}
29-10-2021 23:47:54 [main] INFO  io.olen4ixxx.triangle.entity.CustomTriangleFactory - CustomTriangleFactory: createCustomTriangle(1.0, 2.0, 3.0, 4.0, 0.5, 0.6)
29-10-2021 23:47:54 [main] INFO  io.olen4ixxx.triangle.util.IdGenerator - Id generated: 16
29-10-2021 23:47:54 [main] INFO  olen4ixxx.triangle.service.impl.TriangleCalculationService - TriangleCalculationService: trianglePerimeter(Triangle = {id: 16, Point{1,00, 2,00}, Point{3,00, 4,00}, Point{0,50, 0,60}})
29-10-2021 23:47:54 [main] INFO  olen4ixxx.triangle.service.impl.TriangleCalculationService - perimeter: 8.535223568679879
29-10-2021 23:47:54 [main] INFO  olen4ixxx.triangle.service.impl.TriangleCalculationService - TriangleCalculationService: triangleSquare(Triangle = {id: 16, Point{1,00, 2,00}, Point{3,00, 4,00}, Point{0,50, 0,60}})
29-10-2021 23:47:54 [main] INFO  olen4ixxx.triangle.service.impl.TriangleCalculationService - square: 0.9000000000000056
29-10-2021 23:47:54 [main] INFO  io.olen4ixxx.triangle.entity.CustomTriangleFactory - Triangle created: Triangle = {id: 16, Point{1,00, 2,00}, Point{3,00, 4,00}, Point{0,50, 0,60}}
29-10-2021 23:47:54 [TestNG-method=testQuerySquareIsBetween-1] INFO  olen4ixxx.triangle.service.impl.TriangleCalculationService - TriangleCalculationService: triangleSquare(Triangle = {id: 13, Point{2,00, 2,00}, Point{3,00, 4,00}, Point{-5,00, -6,00}})
29-10-2021 23:47:54 [TestNG-method=testQuerySquareIsBetween-1] INFO  olen4ixxx.triangle.service.impl.TriangleCalculationService - square: 3.0000000000000244
29-10-2021 23:47:54 [TestNG-method=testQuerySquareIsBetween-1] INFO  olen4ixxx.triangle.service.impl.TriangleCalculationService - TriangleCalculationService: triangleSquare(Triangle = {id: 14, Point{4,00, 2,00}, Point{3,00, 4,00}, Point{-5,00, 6,00}})
29-10-2021 23:47:54 [TestNG-method=testQuerySquareIsBetween-1] INFO  olen4ixxx.triangle.service.impl.TriangleCalculationService - square: 7.000000000000005
29-10-2021 23:47:54 [TestNG-method=testQuerySquareIsBetween-1] INFO  olen4ixxx.triangle.service.impl.TriangleCalculationService - TriangleCalculationService: triangleSquare(Triangle = {id: 15, Point{3,00, 2,00}, Point{3,00, 4,00}, Point{5,00, -6,00}})
29-10-2021 23:47:54 [TestNG-method=testQuerySquareIsBetween-1] INFO  olen4ixxx.triangle.service.impl.TriangleCalculationService - square: 2.000000000000015
29-10-2021 23:47:54 [TestNG-method=testQuerySquareIsBetween-1] INFO  olen4ixxx.triangle.service.impl.TriangleCalculationService - TriangleCalculationService: triangleSquare(Triangle = {id: 16, Point{1,00, 2,00}, Point{3,00, 4,00}, Point{0,50, 0,60}})
29-10-2021 23:47:54 [TestNG-method=testQuerySquareIsBetween-1] INFO  olen4ixxx.triangle.service.impl.TriangleCalculationService - square: 0.9000000000000056
29-10-2021 23:47:54 [TestNG-method=testQuerySquareIsBetween-1] INFO  io.olen4ixxx.triangle.repository.CustomRepository - queryList from repository: [Triangle = {id: 16, Point{1,00, 2,00}, Point{3,00, 4,00}, Point{0,50, 0,60}}]
29-10-2021 23:47:54 [main] INFO  io.olen4ixxx.triangle.repository.CustomRepository - Repository cleared
29-10-2021 23:48:32 [main] INFO  io.olen4ixxx.triangle.entity.CustomTriangleFactory - CustomTriangleFactory: createCustomTriangle(0.0, -10.0, -10.0, 0.0, 0.0, 0.0)
29-10-2021 23:48:32 [main] INFO  io.olen4ixxx.triangle.util.IdGenerator - Id generated: 1
29-10-2021 23:48:32 [main] INFO  olen4ixxx.triangle.service.impl.TriangleCalculationService - TriangleCalculationService: trianglePerimeter(Triangle = {id: 1, Point{0,00, -10,00}, Point{-10,00, 0,00}, Point{0,00, 0,00}})
29-10-2021 23:48:32 [main] INFO  olen4ixxx.triangle.service.impl.TriangleCalculationService - perimeter: 34.14213562373095
29-10-2021 23:48:32 [main] INFO  olen4ixxx.triangle.service.impl.TriangleCalculationService - TriangleCalculationService: triangleSquare(Triangle = {id: 1, Point{0,00, -10,00}, Point{-10,00, 0,00}, Point{0,00, 0,00}})
29-10-2021 23:48:32 [main] INFO  olen4ixxx.triangle.service.impl.TriangleCalculationService - square: 50.00000000000001
29-10-2021 23:48:32 [main] INFO  io.olen4ixxx.triangle.entity.CustomTriangleFactory - Triangle created: Triangle = {id: 1, Point{0,00, -10,00}, Point{-10,00, 0,00}, Point{0,00, 0,00}}
29-10-2021 23:48:32 [main] INFO  io.olen4ixxx.triangle.entity.CustomTriangleFactory - CustomTriangleFactory: createCustomTriangle(5.0, 8.660254037844386, 10.0, 0.0, 0.0, 0.0)
29-10-2021 23:48:32 [main] INFO  io.olen4ixxx.triangle.util.IdGenerator - Id generated: 2
29-10-2021 23:48:32 [main] INFO  olen4ixxx.triangle.service.impl.TriangleCalculationService - TriangleCalculationService: trianglePerimeter(Triangle = {id: 2, Point{5,00, 8,66}, Point{10,00, 0,00}, Point{0,00, 0,00}})
29-10-2021 23:48:32 [main] INFO  olen4ixxx.triangle.service.impl.TriangleCalculationService - perimeter: 30.0
29-10-2021 23:48:32 [main] INFO  olen4ixxx.triangle.service.impl.TriangleCalculationService - TriangleCalculationService: triangleSquare(Triangle = {id: 2, Point{5,00, 8,66}, Point{10,00, 0,00}, Point{0,00, 0,00}})
29-10-2021 23:48:32 [main] INFO  olen4ixxx.triangle.service.impl.TriangleCalculationService - square: 43.30127018922193
29-10-2021 23:48:32 [main] INFO  io.olen4ixxx.triangle.entity.CustomTriangleFactory - Triangle created: Triangle = {id: 2, Point{5,00, 8,66}, Point{10,00, 0,00}, Point{0,00, 0,00}}
29-10-2021 23:48:32 [main] INFO  io.olen4ixxx.triangle.entity.CustomTriangleFactory - CustomTriangleFactory: createCustomTriangle(0.0, 10.0, 10.0, 0.0, 1.0, 0.0)
29-10-2021 23:48:32 [main] INFO  io.olen4ixxx.triangle.util.IdGenerator - Id generated: 3
29-10-2021 23:48:32 [main] INFO  olen4ixxx.triangle.service.impl.TriangleCalculationService - TriangleCalculationService: trianglePerimeter(Triangle = {id: 3, Point{0,00, 10,00}, Point{10,00, 0,00}, Point{1,00, 0,00}})
29-10-2021 23:48:32 [main] INFO  olen4ixxx.triangle.service.impl.TriangleCalculationService - perimeter: 33.19201124485184
29-10-2021 23:48:32 [main] INFO  olen4ixxx.triangle.service.impl.TriangleCalculationService - TriangleCalculationService: triangleSquare(Triangle = {id: 3, Point{0,00, 10,00}, Point{10,00, 0,00}, Point{1,00, 0,00}})
29-10-2021 23:48:32 [main] INFO  olen4ixxx.triangle.service.impl.TriangleCalculationService - square: 45.0
29-10-2021 23:48:32 [main] INFO  io.olen4ixxx.triangle.entity.CustomTriangleFactory - Triangle created: Triangle = {id: 3, Point{0,00, 10,00}, Point{10,00, 0,00}, Point{1,00, 0,00}}
29-10-2021 23:48:32 [TestNG-method=testIsAcute-1] INFO  olen4ixxx.triangle.service.impl.TriangleCalculationService - TriangleCalculationService: isAcute(Triangle = {id: 2, Point{5,00, 8,66}, Point{10,00, 0,00}, Point{0,00, 0,00}})
29-10-2021 23:48:32 [TestNG-method=testIsAcute-1] INFO  olen4ixxx.triangle.service.impl.TriangleCalculationService - isAcute: true
29-10-2021 23:48:32 [main] INFO  io.olen4ixxx.triangle.entity.CustomTriangleFactory - CustomTriangleFactory: createCustomTriangle(0.0, -10.0, -10.0, 0.0, 0.0, 0.0)
29-10-2021 23:48:32 [main] INFO  io.olen4ixxx.triangle.util.IdGenerator - Id generated: 4
29-10-2021 23:48:32 [main] INFO  olen4ixxx.triangle.service.impl.TriangleCalculationService - TriangleCalculationService: trianglePerimeter(Triangle = {id: 4, Point{0,00, -10,00}, Point{-10,00, 0,00}, Point{0,00, 0,00}})
29-10-2021 23:48:32 [main] INFO  olen4ixxx.triangle.service.impl.TriangleCalculationService - perimeter: 34.14213562373095
29-10-2021 23:48:32 [main] INFO  olen4ixxx.triangle.service.impl.TriangleCalculationService - TriangleCalculationService: triangleSquare(Triangle = {id: 4, Point{0,00, -10,00}, Point{-10,00, 0,00}, Point{0,00, 0,00}})
29-10-2021 23:48:32 [main] INFO  olen4ixxx.triangle.service.impl.TriangleCalculationService - square: 50.00000000000001
29-10-2021 23:48:32 [main] INFO  io.olen4ixxx.triangle.entity.CustomTriangleFactory - Triangle created: Triangle = {id: 4, Point{0,00, -10,00}, Point{-10,00, 0,00}, Point{0,00, 0,00}}
29-10-2021 23:48:32 [main] INFO  io.olen4ixxx.triangle.entity.CustomTriangleFactory - CustomTriangleFactory: createCustomTriangle(5.0, 8.660254037844386, 10.0, 0.0, 0.0, 0.0)
29-10-2021 23:48:32 [main] INFO  io.olen4ixxx.triangle.util.IdGenerator - Id generated: 5
29-10-2021 23:48:32 [main] INFO  olen4ixxx.triangle.service.impl.TriangleCalculationService - TriangleCalculationService: trianglePerimeter(Triangle = {id: 5, Point{5,00, 8,66}, Point{10,00, 0,00}, Point{0,00, 0,00}})
29-10-2021 23:48:32 [main] INFO  olen4ixxx.triangle.service.impl.TriangleCalculationService - perimeter: 30.0
29-10-2021 23:48:32 [main] INFO  olen4ixxx.triangle.service.impl.TriangleCalculationService - TriangleCalculationService: triangleSquare(Triangle = {id: 5, Point{5,00, 8,66}, Point{10,00, 0,00}, Point{0,00, 0,00}})
29-10-2021 23:48:32 [main] INFO  olen4ixxx.triangle.service.impl.TriangleCalculationService - square: 43.30127018922193
