29-10-2021 23:50:38 [main] INFO  io.olen4ixxx.triangle.entity.CustomTriangleFactory - CustomTriangleFactory: createCustomTriangle(0.0, 10.0, 10.0, 0.0, 1.0, 0.0)
29-10-2021 23:50:38 [main] INFO  io.olen4ixxx.triangle.util.IdGenerator - Id generated: 18
29-10-2021 23:50:38 [main] INFO  olen4ixxx.triangle.service.impl.TriangleCalculationService - TriangleCalculationService: trianglePerimeter(Triangle = {id: 18, Point{0,00, 10,00}, Point{10,00, 0,00}, Point{1,00, 0,00}})
29-10-2021 23:50:38 [main] INFO  olen4ixxx.triangle.service.impl.TriangleCalculationService - perimeter: 33.19201124485184
29-10-2021 23:50:38 [main] INFO  olen4ixxx.triangle.service.impl.TriangleCalculationService - TriangleCalculationService: triangleSquare(Triangle = {id: 18, Point{0,00, 10,00}, Point{10,00, 0,00}, Point{1,00, 0,00}})
29-10-2021 23:50:38 [main] INFO  olen4ixxx.triangle.service.impl.TriangleCalculationService - square: 45.0
29-10-2021 23:50:38 [main] INFO  io.olen4ixxx.triangle.entity.CustomTriangleFactory - Triangle created: Triangle = {id: 18, Point{0,00, 10,00}, Point{10,00, 0,00}, Point{1,00, 0,00}}
29-10-2021 23:50:38 [TestNG-method=testTrianglePerimeter-1] INFO  olen4ixxx.triangle.service.impl.TriangleCalculationService - TriangleCalculationService: trianglePerimeter(Triangle = {id: 16, Point{0,00, -10,00}, Point{-10,00, 0,00}, Point{0,00, 0,00}})
29-10-2021 23:50:38 [TestNG-method=testTrianglePerimeter-1] INFO  olen4ixxx.triangle.service.impl.TriangleCalculationService - perimeter: 34.14213562373095
29-10-2021 23:50:38 [main] INFO  io.olen4ixxx.triangle.entity.CustomTriangleFactory - CustomTriangleFactory: createCustomTriangle(0.0, -10.0, -10.0, 0.0, 0.0, 0.0)
29-10-2021 23:50:38 [main] INFO  io.olen4ixxx.triangle.util.IdGenerator - Id generated: 19
29-10-2021 23:50:38 [main] INFO  olen4ixxx.triangle.service.impl.TriangleCalculationService - TriangleCalculationService: trianglePerimeter(Triangle = {id: 19, Point{0,00, -10,00}, Point{-10,00, 0,00}, Point{0,00, 0,00}})
29-10-2021 23:50:38 [main] INFO  olen4ixxx.triangle.service.impl.TriangleCalculationService - perimeter: 34.14213562373095
29-10-2021 23:50:38 [main] INFO  olen4ixxx.triangle.service.impl.TriangleCalculationService - TriangleCalculationService: triangleSquare(Triangle = {id: 19, Point{0,00, -10,00}, Point{-10,00, 0,00}, Point{0,00, 0,00}})
29-10-2021 23:50:38 [main] INFO  olen4ixxx.triangle.service.impl.TriangleCalculationService - square: 50.00000000000001
29-10-2021 23:50:38 [main] INFO  io.olen4ixxx.triangle.entity.CustomTriangleFactory - Triangle created: Triangle = {id: 19, Point{0,00, -10,00}, Point{-10,00, 0,00}, Point{0,00, 0,00}}
29-10-2021 23:50:38 [main] INFO  io.olen4ixxx.triangle.entity.CustomTriangleFactory - CustomTriangleFactory: createCustomTriangle(5.0, 8.660254037844386, 10.0, 0.0, 0.0, 0.0)
29-10-2021 23:50:38 [main] INFO  io.olen4ixxx.triangle.util.IdGenerator - Id generated: 20
29-10-2021 23:50:38 [main] INFO  olen4ixxx.triangle.service.impl.TriangleCalculationService - TriangleCalculationService: trianglePerimeter(Triangle = {id: 20, Point{5,00, 8,66}, Point{10,00, 0,00}, Point{0,00, 0,00}})
29-10-2021 23:50:38 [main] INFO  olen4ixxx.triangle.service.impl.TriangleCalculationService - perimeter: 30.0
29-10-2021 23:50:38 [main] INFO  olen4ixxx.triangle.service.impl.TriangleCalculationService - TriangleCalculationService: triangleSquare(Triangle = {id: 20, Point{5,00, 8,66}, Point{10,00, 0,00}, Point{0,00, 0,00}})
29-10-2021 23:50:38 [main] INFO  olen4ixxx.triangle.service.impl.TriangleCalculationService - square: 43.30127018922193
29-10-2021 23:50:38 [main] INFO  io.olen4ixxx.triangle.entity.CustomTriangleFactory - Triangle created: Triangle = {id: 20, Point{5,00, 8,66}, Point{10,00, 0,00}, Point{0,00, 0,00}}
29-10-2021 23:50:38 [main] INFO  io.olen4ixxx.triangle.entity.CustomTriangleFactory - CustomTriangleFactory: createCustomTriangle(0.0, 10.0, 10.0, 0.0, 1.0, 0.0)
29-10-2021 23:50:38 [main] INFO  io.olen4ixxx.triangle.util.IdGenerator - Id generated: 21
29-10-2021 23:50:38 [main] INFO  olen4ixxx.triangle.service.impl.TriangleCalculationService - TriangleCalculationService: trianglePerimeter(Triangle = {id: 21, Point{0,00, 10,00}, Point{10,00, 0,00}, Point{1,00, 0,00}})
29-10-2021 23:50:38 [main] INFO  olen4ixxx.triangle.service.impl.TriangleCalculationService - perimeter: 33.19201124485184
29-10-2021 23:50:38 [main] INFO  olen4ixxx.triangle.service.impl.TriangleCalculationService - TriangleCalculationService: triangleSquare(Triangle = {id: 21, Point{0,00, 10,00}, Point{10,00, 0,00}, Point{1,00, 0,00}})
29-10-2021 23:50:38 [main] INFO  olen4ixxx.triangle.service.impl.TriangleCalculationService - square: 45.0
29-10-2021 23:50:38 [main] INFO  io.olen4ixxx.triangle.entity.CustomTriangleFactory - Triangle created: Triangle = {id: 21, Point{0,00, 10,00}, Point{10,00, 0,00}, Point{1,00, 0,00}}
29-10-2021 23:50:38 [TestNG-method=testTriangleSquare-1] INFO  olen4ixxx.triangle.service.impl.TriangleCalculationService - TriangleCalculationService: triangleSquare(Triangle = {id: 19, Point{0,00, -10,00}, Point{-10,00, 0,00}, Point{0,00, 0,00}})
29-10-2021 23:50:38 [TestNG-method=testTriangleSquare-1] INFO  olen4ixxx.triangle.service.impl.TriangleCalculationService - square: 50.00000000000001
29-10-2021 23:50:50 [TestNG-method=testParseLinesToTriangleCoordinates-1] INFO  olen4ixxx.triangle.parser.impl.CustomTriangleParser - LinesToCustomTriangleParser: parseLinesToTriangleCoordinates([tt, 1 t, 0.0 0.0 10.0 0.0 0.0  10.0, , 1.0 1.0 3.1 1.0 1.0  10.1])
29-10-2021 23:50:50 [TestNG-method=testParseLinesToTriangleCoordinates-1] INFO  olen4ixxx.triangle.parser.impl.CustomTriangleParser - listOfTriangleCoordinates: [[0.0, 0.0, 10.0, 0.0, 0.0, 10.0], [1.0, 1.0, 3.1, 1.0, 1.0, 10.1]]
29-10-2021 23:50:50 [main] INFO  olen4ixxx.triangle.parser.impl.CustomTriangleParser - LinesToCustomTriangleParser: parseLinesToTriangleCoordinates([])
29-10-2021 23:50:50 [main] ERROR olen4ixxx.triangle.parser.impl.CustomTriangleParser - List is empty or null
29-10-2021 23:50:50 [main] INFO  olen4ixxx.triangle.parser.impl.CustomTriangleParser - LinesToCustomTriangleParser: parseLinesToTriangleCoordinates(null)
29-10-2021 23:50:50 [main] ERROR olen4ixxx.triangle.parser.impl.CustomTriangleParser - List is empty or null
29-10-2021 23:51:02 [TestNG-method=testReadLines-1] INFO  olen4ixxx.triangle.filereader.impl.TriangleFileReader - TriangleFileReader: readLines(data/triangleTest.txt)
29-10-2021 23:51:02 [TestNG-method=testReadLines-1] INFO  olen4ixxx.triangle.filereader.impl.TriangleFileReader - File is read
29-10-2021 23:51:02 [main] INFO  olen4ixxx.triangle.filereader.impl.TriangleFileReader - TriangleFileReader: readLines(data/wrongName.txt)
29-10-2021 23:51:02 [main] ERROR olen4ixxx.triangle.filereader.impl.TriangleFileReader - File is not found (data/wrongName.txt)
29-10-2021 23:51:13 [TestNG-method=testCreateCustomTriangle-1] INFO  io.olen4ixxx.triangle.util.IdGenerator - Id generated: 1
29-10-2021 23:51:13 [TestNG-method=testCreateCustomTriangle-1] INFO  io.olen4ixxx.triangle.entity.CustomTriangleFactory - CustomTriangleFactory: createCustomTriangle([-1.0, 2.0, 2.0, 4.0, 3.0, 6.0])
29-10-2021 23:51:13 [TestNG-method=testCreateCustomTriangle-1] INFO  io.olen4ixxx.triangle.util.IdGenerator - Id generated: 2
29-10-2021 23:51:13 [TestNG-method=testCreateCustomTriangle-1] INFO  olen4ixxx.triangle.service.impl.TriangleCalculationService - TriangleCalculationService: trianglePerimeter(Triangle = {id: 2, Point{-1,00, 2,00}, Point{2,00, 4,00}, Point{3,00, 6,00}})
29-10-2021 23:51:13 [TestNG-method=testCreateCustomTriangle-1] INFO  olen4ixxx.triangle.service.impl.TriangleCalculationService - perimeter: 11.498473502456159
29-10-2021 23:51:13 [TestNG-method=testCreateCustomTriangle-1] INFO  olen4ixxx.triangle.service.impl.TriangleCalculationService - TriangleCalculationService: triangleSquare(Triangle = {id: 2, Point{-1,00, 2,00}, Point{2,00, 4,00}, Point{3,00, 6,00}})
29-10-2021 23:51:13 [TestNG-method=testCreateCustomTriangle-1] INFO  olen4ixxx.triangle.service.impl.TriangleCalculationService - square: 1.9999999999999978
29-10-2021 23:51:13 [TestNG-method=testCreateCustomTriangle-1] INFO  io.olen4ixxx.triangle.entity.CustomTriangleFactory - Triangle created: Triangle = {id: 2, Point{-1,00, 2,00}, Point{2,00, 4,00}, Point{3,00, 6,00}}
29-10-2021 23:51:13 [main] INFO  io.olen4ixxx.triangle.entity.CustomTriangleFactory - CustomTriangleFactory: createCustomTriangle([1.0, 2.0, 3.0, 4.0, 5.0])
29-10-2021 23:51:13 [main] ERROR io.olen4ixxx.triangle.entity.CustomTriangleFactory - Check the array: Points do not define a triangle
29-10-2021 23:51:13 [main] INFO  io.olen4ixxx.triangle.entity.CustomTriangleFactory - CustomTriangleFactory: createCustomTriangle([1.0, 2.0, 2.0, 4.0, 3.0, 6.0])
29-10-2021 23:51:13 [main] ERROR io.olen4ixxx.triangle.entity.CustomTriangleFactory - Check the array: Points do not define a triangle
30-10-2021 00:08:30 [TestNG-method=testCreateCustomTriangle-1] INFO  io.olen4ixxx.triangle.util.IdGenerator - Id generated: 1
30-10-2021 00:08:30 [TestNG-method=testCreateCustomTriangle-1] INFO  io.olen4ixxx.triangle.entity.CustomTriangleFactory - CustomTriangleFactory: createCustomTriangle([-1.0, 2.0, 2.0, 4.0, 3.0, 6.0])
30-10-2021 00:08:30 [TestNG-method=testCreateCustomTriangle-1] INFO  io.olen4ixxx.triangle.util.IdGenerator - Id generated: 2
30-10-2021 00:08:30 [TestNG-method=testCreateCustomTriangle-1] INFO  olen4ixxx.triangle.service.impl.TriangleCalculationService - TriangleCalculationService: trianglePerimeter(Triangle = {id: 2, Point{-1,00, 2,00}, Point{2,00, 4,00}, Point{3,00, 6,00}})
30-10-2021 00:08:30 [TestNG-method=testCreateCustomTriangle-1] INFO  olen4ixxx.triangle.service.impl.TriangleCalculationService - perimeter: 11.498473502456159
30-10-2021 00:08:30 [TestNG-method=testCreateCustomTriangle-1] INFO  olen4ixxx.triangle.service.impl.TriangleCalculationService - TriangleCalculationService: triangleSquare(Triangle = {id: 2, Point{-1,00, 2,00}, Point{2,00, 4,00}, Point{3,00, 6,00}})
30-10-2021 00:08:30 [TestNG-method=testCreateCustomTriangle-1] INFO  olen4ixxx.triangle.service.impl.TriangleCalculationService - square: 1.9999999999999978
