23-10-2021 13:33:30 [main] INFO  olen4ixxx.triangle.service.impl.TriangleCalculationService - perimeter: 34.14213562373095
23-10-2021 13:33:30 [main] INFO  olen4ixxx.triangle.service.impl.TriangleCalculationService - TriangleCalculationService: triangleSquare(Triangle = {id: 1, Point{0,00, 0,00}, Point{10,00, 0,00}, Point{0,00, 10,00}})
23-10-2021 13:33:30 [main] INFO  olen4ixxx.triangle.service.impl.TriangleCalculationService - square: 50.0
23-10-2021 13:33:30 [main] INFO  io.olen4ixxx.triangle.entity.CustomTriangleFactory - Triangle created: Triangle = {id: 1, Point{0,00, 0,00}, Point{10,00, 0,00}, Point{0,00, 10,00}}
23-10-2021 13:33:30 [main] INFO  olen4ixxx.triangle.service.impl.TriangleCalculationService - TriangleCalculationService: trianglePerimeter(Triangle = {id: 1, Point{0,00, 0,00}, Point{10,00, 0,00}, Point{0,00, 10,00}})
23-10-2021 13:33:30 [main] INFO  olen4ixxx.triangle.service.impl.TriangleCalculationService - perimeter: 34.14213562373095
23-10-2021 13:33:30 [main] INFO  olen4ixxx.triangle.service.impl.TriangleCalculationService - TriangleCalculationService: triangleSquare(Triangle = {id: 1, Point{0,00, 0,00}, Point{10,00, 0,00}, Point{0,00, 10,00}})
23-10-2021 13:33:30 [main] INFO  olen4ixxx.triangle.service.impl.TriangleCalculationService - square: 50.0
23-10-2021 13:33:30 [main] INFO  io.olen4ixxx.triangle.entity.CustomTriangleFactory - CustomTriangleFactory: createCustomTriangle([1.0, 1.0, 3.1, 1.0, 1.0, 10.1])
23-10-2021 13:33:30 [main] INFO  io.olen4ixxx.triangle.util.IdGenerator - Id generated: 2
23-10-2021 13:33:30 [main] INFO  olen4ixxx.triangle.service.impl.TriangleCalculationService - TriangleCalculationService: trianglePerimeter(Triangle = {id: 2, Point{1,00, 1,00}, Point{3,10, 1,00}, Point{1,00, 10,10}})
23-10-2021 13:33:30 [main] INFO  olen4ixxx.triangle.service.impl.TriangleCalculationService - perimeter: 20.539164844888433
23-10-2021 13:33:30 [main] INFO  olen4ixxx.triangle.service.impl.TriangleCalculationService - TriangleCalculationService: triangleSquare(Triangle = {id: 2, Point{1,00, 1,00}, Point{3,10, 1,00}, Point{1,00, 10,10}})
23-10-2021 13:33:30 [main] INFO  olen4ixxx.triangle.service.impl.TriangleCalculationService - square: 9.554999999999998
23-10-2021 13:33:30 [main] INFO  io.olen4ixxx.triangle.entity.CustomTriangleFactory - Triangle created: Triangle = {id: 2, Point{1,00, 1,00}, Point{3,10, 1,00}, Point{1,00, 10,10}}
23-10-2021 13:33:30 [main] INFO  olen4ixxx.triangle.service.impl.TriangleCalculationService - TriangleCalculationService: trianglePerimeter(Triangle = {id: 2, Point{1,00, 1,00}, Point{3,10, 1,00}, Point{1,00, 10,10}})
23-10-2021 13:33:30 [main] INFO  olen4ixxx.triangle.service.impl.TriangleCalculationService - perimeter: 20.539164844888433
23-10-2021 13:33:30 [main] INFO  olen4ixxx.triangle.service.impl.TriangleCalculationService - TriangleCalculationService: triangleSquare(Triangle = {id: 2, Point{1,00, 1,00}, Point{3,10, 1,00}, Point{1,00, 10,10}})
23-10-2021 13:33:30 [main] INFO  olen4ixxx.triangle.service.impl.TriangleCalculationService - square: 9.554999999999998
23-10-2021 13:34:00 [main] INFO  io.olen4ixxx.triangle.Main - Id generated: 0
23-10-2021 13:34:00 [main] INFO  olen4ixxx.triangle.filereader.impl.TriangleFileReader - TriangleFileReader: readLines(data/triangle.txt)
23-10-2021 13:34:00 [main] INFO  olen4ixxx.triangle.filereader.impl.TriangleFileReader - File is read
23-10-2021 13:34:00 [main] INFO  olen4ixxx.triangle.parser.impl.CustomTriangleParser - LinesToCustomTriangleParser: parseLinesToTriangleCoordinates([tt, 1 t, 0.0 0.0 10.0 0.0 0.0  10.0, 1.0 1.0 3.1 1.0 1.0  10.1])
23-10-2021 13:34:00 [main] INFO  olen4ixxx.triangle.parser.impl.CustomTriangleParser - listOfTriangleCoordinates: [[0.0, 0.0, 10.0, 0.0, 0.0, 10.0], [1.0, 1.0, 3.1, 1.0, 1.0, 10.1]]
23-10-2021 13:34:00 [main] INFO  io.olen4ixxx.triangle.entity.CustomTriangleFactory - CustomTriangleFactory: createCustomTriangle([0.0, 0.0, 10.0, 0.0, 0.0, 10.0])
23-10-2021 13:34:00 [main] INFO  io.olen4ixxx.triangle.util.IdGenerator - Id generated: 1
23-10-2021 13:34:00 [main] INFO  olen4ixxx.triangle.service.impl.TriangleCalculationService - TriangleCalculationService: trianglePerimeter(Triangle = {id: 1, Point{0,00, 0,00}, Point{10,00, 0,00}, Point{0,00, 10,00}})
23-10-2021 13:34:00 [main] INFO  olen4ixxx.triangle.service.impl.TriangleCalculationService - perimeter: 34.14213562373095
23-10-2021 13:34:00 [main] INFO  olen4ixxx.triangle.service.impl.TriangleCalculationService - TriangleCalculationService: triangleSquare(Triangle = {id: 1, Point{0,00, 0,00}, Point{10,00, 0,00}, Point{0,00, 10,00}})
23-10-2021 13:34:00 [main] INFO  olen4ixxx.triangle.service.impl.TriangleCalculationService - square: 50.0
23-10-2021 13:34:00 [main] INFO  io.olen4ixxx.triangle.entity.CustomTriangleFactory - Triangle created: Triangle = {id: 1, Point{0,00, 0,00}, Point{10,00, 0,00}, Point{0,00, 10,00}}
23-10-2021 13:34:00 [main] INFO  olen4ixxx.triangle.service.impl.TriangleCalculationService - TriangleCalculationService: trianglePerimeter(Triangle = {id: 1, Point{0,00, 0,00}, Point{10,00, 0,00}, Point{0,00, 10,00}})
23-10-2021 13:34:00 [main] INFO  olen4ixxx.triangle.service.impl.TriangleCalculationService - perimeter: 34.14213562373095
23-10-2021 13:34:00 [main] INFO  olen4ixxx.triangle.service.impl.TriangleCalculationService - TriangleCalculationService: triangleSquare(Triangle = {id: 1, Point{0,00, 0,00}, Point{10,00, 0,00}, Point{0,00, 10,00}})
23-10-2021 13:34:00 [main] INFO  olen4ixxx.triangle.service.impl.TriangleCalculationService - square: 50.0
23-10-2021 13:34:00 [main] INFO  io.olen4ixxx.triangle.entity.CustomTriangleFactory - CustomTriangleFactory: createCustomTriangle([1.0, 1.0, 3.1, 1.0, 1.0, 10.1])
23-10-2021 13:34:00 [main] INFO  io.olen4ixxx.triangle.util.IdGenerator - Id generated: 2
23-10-2021 13:34:00 [main] INFO  olen4ixxx.triangle.service.impl.TriangleCalculationService - TriangleCalculationService: trianglePerimeter(Triangle = {id: 2, Point{1,00, 1,00}, Point{3,10, 1,00}, Point{1,00, 10,10}})
23-10-2021 13:34:00 [main] INFO  olen4ixxx.triangle.service.impl.TriangleCalculationService - perimeter: 20.539164844888433
23-10-2021 13:34:00 [main] INFO  olen4ixxx.triangle.service.impl.TriangleCalculationService - TriangleCalculationService: triangleSquare(Triangle = {id: 2, Point{1,00, 1,00}, Point{3,10, 1,00}, Point{1,00, 10,10}})
23-10-2021 13:34:00 [main] INFO  olen4ixxx.triangle.service.impl.TriangleCalculationService - square: 9.554999999999998
23-10-2021 13:34:00 [main] INFO  io.olen4ixxx.triangle.entity.CustomTriangleFactory - Triangle created: Triangle = {id: 2, Point{1,00, 1,00}, Point{3,10, 1,00}, Point{1,00, 10,10}}
23-10-2021 13:34:00 [main] INFO  olen4ixxx.triangle.service.impl.TriangleCalculationService - TriangleCalculationService: trianglePerimeter(Triangle = {id: 2, Point{1,00, 1,00}, Point{3,10, 1,00}, Point{1,00, 10,10}})
23-10-2021 13:34:00 [main] INFO  olen4ixxx.triangle.service.impl.TriangleCalculationService - perimeter: 20.539164844888433
23-10-2021 13:34:00 [main] INFO  olen4ixxx.triangle.service.impl.TriangleCalculationService - TriangleCalculationService: triangleSquare(Triangle = {id: 2, Point{1,00, 1,00}, Point{3,10, 1,00}, Point{1,00, 10,10}})
23-10-2021 13:34:00 [main] INFO  olen4ixxx.triangle.service.impl.TriangleCalculationService - square: 9.554999999999998
23-10-2021 13:35:20 [main] INFO  io.olen4ixxx.triangle.Main - Id generated: 0
23-10-2021 13:35:20 [main] INFO  olen4ixxx.triangle.filereader.impl.TriangleFileReader - TriangleFileReader: readLines(data/triangle.txt)
23-10-2021 13:35:20 [main] INFO  olen4ixxx.triangle.filereader.impl.TriangleFileReader - File is read
23-10-2021 13:35:20 [main] INFO  olen4ixxx.triangle.parser.impl.CustomTriangleParser - LinesToCustomTriangleParser: parseLinesToTriangleCoordinates([tt, 1 t, 0.0 0.0 10.0 0.0 0.0  10.0, 1.0 1.0 3.1 1.0 1.0  10.1])
23-10-2021 13:35:20 [main] INFO  olen4ixxx.triangle.parser.impl.CustomTriangleParser - listOfTriangleCoordinates: [[0.0, 0.0, 10.0, 0.0, 0.0, 10.0], [1.0, 1.0, 3.1, 1.0, 1.0, 10.1]]
23-10-2021 13:35:20 [main] INFO  io.olen4ixxx.triangle.entity.CustomTriangleFactory - CustomTriangleFactory: createCustomTriangle([0.0, 0.0, 10.0, 0.0, 0.0, 10.0])
23-10-2021 13:35:20 [main] INFO  io.olen4ixxx.triangle.util.IdGenerator - Id generated: 1
23-10-2021 13:35:20 [main] INFO  olen4ixxx.triangle.service.impl.TriangleCalculationService - TriangleCalculationService: trianglePerimeter(Triangle = {id: 1, Point{0,00, 0,00}, Point{10,00, 0,00}, Point{0,00, 10,00}})
23-10-2021 13:35:20 [main] INFO  olen4ixxx.triangle.service.impl.TriangleCalculationService - perimeter: 34.14213562373095
23-10-2021 13:35:20 [main] INFO  olen4ixxx.triangle.service.impl.TriangleCalculationService - TriangleCalculationService: triangleSquare(Triangle = {id: 1, Point{0,00, 0,00}, Point{10,00, 0,00}, Point{0,00, 10,00}})
23-10-2021 13:35:20 [main] INFO  olen4ixxx.triangle.service.impl.TriangleCalculationService - square: 50.0
23-10-2021 13:35:20 [main] INFO  io.olen4ixxx.triangle.entity.CustomTriangleFactory - Triangle created: Triangle = {id: 1, Point{0,00, 0,00}, Point{10,00, 0,00}, Point{0,00, 10,00}}
23-10-2021 13:35:20 [main] INFO  olen4ixxx.triangle.service.impl.TriangleCalculationService - TriangleCalculationService: trianglePerimeter(Triangle = {id: 1, Point{0,00, 0,00}, Point{10,00, 0,00}, Point{0,00, 10,00}})
23-10-2021 13:35:20 [main] INFO  olen4ixxx.triangle.service.impl.TriangleCalculationService - perimeter: 34.14213562373095
23-10-2021 13:35:20 [main] INFO  olen4ixxx.triangle.service.impl.TriangleCalculationService - TriangleCalculationService: triangleSquare(Triangle = {id: 1, Point{0,00, 0,00}, Point{10,00, 0,00}, Point{0,00, 10,00}})
23-10-2021 13:35:20 [main] INFO  olen4ixxx.triangle.service.impl.TriangleCalculationService - square: 50.0
23-10-2021 13:35:20 [main] INFO  io.olen4ixxx.triangle.entity.CustomTriangleFactory - CustomTriangleFactory: createCustomTriangle([1.0, 1.0, 3.1, 1.0, 1.0, 10.1])
23-10-2021 13:35:20 [main] INFO  io.olen4ixxx.triangle.util.IdGenerator - Id generated: 2
23-10-2021 13:35:20 [main] INFO  olen4ixxx.triangle.service.impl.TriangleCalculationService - TriangleCalculationService: trianglePerimeter(Triangle = {id: 2, Point{1,00, 1,00}, Point{3,10, 1,00}, Point{1,00, 10,10}})
