21-10-2021 22:26:05 [main] ERROR olen4ixxx.triangle.parser.impl.CustomTriangleParser - List is empty or null
21-10-2021 22:27:50 [TestNG-method=testParseLinesToTriangleCoordinates-1] INFO  olen4ixxx.triangle.parser.impl.CustomTriangleParser - LinesToCustomTriangleParser: parseLinesToTriangleCoordinates([tt, 1 t, 0.0 0.0 10.0 0.0 0.0  10.0, , 1.0 1.0 3.1 1.0 1.0  10.1])
21-10-2021 22:27:50 [TestNG-method=testParseLinesToTriangleCoordinates-1] INFO  olen4ixxx.triangle.parser.impl.CustomTriangleParser - listOfTriangleCoordinates: [[0.0, 0.0, 10.0, 0.0, 0.0, 10.0], [1.0, 1.0, 3.1, 1.0, 1.0, 10.1]]
21-10-2021 22:31:56 [TestNG-method=testParseLinesToTriangleCoordinates-1] INFO  olen4ixxx.triangle.parser.impl.CustomTriangleParser - LinesToCustomTriangleParser: parseLinesToTriangleCoordinates([tt, 1 t, 0.0 0.0 10.0 0.0 0.0  10.0, , 1.0 1.0 3.1 1.0 1.0  10.1])
21-10-2021 22:31:56 [TestNG-method=testParseLinesToTriangleCoordinates-1] INFO  olen4ixxx.triangle.parser.impl.CustomTriangleParser - listOfTriangleCoordinates: [[0.0, 0.0, 10.0, 0.0, 0.0, 10.0], [1.0, 1.0, 3.1, 1.0, 1.0, 10.1]]
21-10-2021 22:32:43 [TestNG-method=testParseLinesToTriangleCoordinates-1] INFO  olen4ixxx.triangle.parser.impl.CustomTriangleParser - LinesToCustomTriangleParser: parseLinesToTriangleCoordinates([tt, 1 t, 0.0 0.0 10.0 0.0 0.0  10.0, , 1.0 1.0 3.1 1.0 1.0  10.1])
21-10-2021 22:32:43 [TestNG-method=testParseLinesToTriangleCoordinates-1] INFO  olen4ixxx.triangle.parser.impl.CustomTriangleParser - listOfTriangleCoordinates: [[0.0, 0.0, 10.0, 0.0, 0.0, 10.0], [1.0, 1.0, 3.1, 1.0, 1.0, 10.1]]
21-10-2021 22:37:39 [TestNG-method=testParseLinesToTriangleCoordinates-1] INFO  olen4ixxx.triangle.parser.impl.CustomTriangleParser - LinesToCustomTriangleParser: parseLinesToTriangleCoordinates([tt, 1 t, 0.0 0.0 10.0 0.0 0.0  10.0, , 1.0 1.0 3.1 1.0 1.0  10.1])
21-10-2021 22:37:39 [TestNG-method=testParseLinesToTriangleCoordinates-1] INFO  olen4ixxx.triangle.parser.impl.CustomTriangleParser - listOfTriangleCoordinates: [[0.0, 0.0, 10.0, 0.0, 0.0, 10.0], [1.0, 1.0, 3.1, 1.0, 1.0, 10.1]]
21-10-2021 22:38:27 [TestNG-method=testParseLinesToTriangleCoordinates-1] INFO  olen4ixxx.triangle.parser.impl.CustomTriangleParser - LinesToCustomTriangleParser: parseLinesToTriangleCoordinates([tt, 1 t, 0.0 0.0 10.0 0.0 0.0  10.0, , 1.0 1.0 3.1 1.0 1.0  10.1])
21-10-2021 22:38:27 [TestNG-method=testParseLinesToTriangleCoordinates-1] INFO  olen4ixxx.triangle.parser.impl.CustomTriangleParser - listOfTriangleCoordinates: [[0.0, 0.0, 10.0, 0.0, 0.0, 10.0], [1.0, 1.0, 3.1, 1.0, 1.0, 10.1]]
21-10-2021 22:38:51 [TestNG-method=testParseLinesToTriangleCoordinates-1] INFO  olen4ixxx.triangle.parser.impl.CustomTriangleParser - LinesToCustomTriangleParser: parseLinesToTriangleCoordinates([tt, 1 t, 0.0 0.0 10.0 0.0 0.0  10.0, , 1.0 1.0 3.1 1.0 1.0  10.1])
21-10-2021 22:38:51 [TestNG-method=testParseLinesToTriangleCoordinates-1] INFO  olen4ixxx.triangle.parser.impl.CustomTriangleParser - listOfTriangleCoordinates: [[0.0, 0.0, 10.0, 0.0, 0.0, 10.0], [1.0, 1.0, 3.1, 1.0, 1.0, 10.1]]
21-10-2021 22:38:51 [main] INFO  olen4ixxx.triangle.parser.impl.CustomTriangleParser - LinesToCustomTriangleParser: parseLinesToTriangleCoordinates([])
21-10-2021 22:38:51 [main] ERROR olen4ixxx.triangle.parser.impl.CustomTriangleParser - List is empty or null
21-10-2021 22:38:51 [main] INFO  olen4ixxx.triangle.parser.impl.CustomTriangleParser - LinesToCustomTriangleParser: parseLinesToTriangleCoordinates(null)
21-10-2021 22:38:51 [main] ERROR olen4ixxx.triangle.parser.impl.CustomTriangleParser - List is empty or null
21-10-2021 22:39:07 [main] INFO  io.olen4ixxx.triangle.util.IdGenerator - Id generated: 1
21-10-2021 22:39:07 [main] INFO  io.olen4ixxx.triangle.util.IdGenerator - Id generated: 2
21-10-2021 22:39:07 [main] INFO  io.olen4ixxx.triangle.util.IdGenerator - Id generated: 3
21-10-2021 22:39:07 [TestNG-method=testIsAcute-1] INFO  olen4ixxx.triangle.service.impl.TriangleCalculationService - TriangleCalculationService: isAcute(Triangle = {id: 2, Point{5,00, 8,66}, Point{10,00, 0,00}, Point{0,00, 0,00}})
21-10-2021 22:39:07 [TestNG-method=testIsAcute-1] INFO  olen4ixxx.triangle.service.impl.TriangleCalculationService - isAcute: true
21-10-2021 22:39:07 [main] INFO  io.olen4ixxx.triangle.util.IdGenerator - Id generated: 4
21-10-2021 22:39:07 [main] INFO  io.olen4ixxx.triangle.util.IdGenerator - Id generated: 5
21-10-2021 22:39:07 [main] INFO  io.olen4ixxx.triangle.util.IdGenerator - Id generated: 6
21-10-2021 22:39:07 [TestNG-method=testIsIsosceles-1] INFO  olen4ixxx.triangle.service.impl.TriangleCalculationService - TriangleCalculationService: isIsosceles(Triangle = {id: 4, Point{0,00, -10,00}, Point{-10,00, 0,00}, Point{0,00, 0,00}})
21-10-2021 22:39:07 [TestNG-method=testIsIsosceles-1] INFO  olen4ixxx.triangle.service.impl.TriangleCalculationService - isIsosceles: true
21-10-2021 22:39:07 [main] INFO  io.olen4ixxx.triangle.util.IdGenerator - Id generated: 7
21-10-2021 22:39:07 [main] INFO  io.olen4ixxx.triangle.util.IdGenerator - Id generated: 8
21-10-2021 22:39:07 [main] INFO  io.olen4ixxx.triangle.util.IdGenerator - Id generated: 9
21-10-2021 22:39:07 [TestNG-method=testIsObtuse-1] INFO  olen4ixxx.triangle.service.impl.TriangleCalculationService - TriangleCalculationService: isObtuse(Triangle = {id: 9, Point{0,00, 10,00}, Point{10,00, 0,00}, Point{1,00, 0,00}})
21-10-2021 22:39:07 [TestNG-method=testIsObtuse-1] INFO  olen4ixxx.triangle.service.impl.TriangleCalculationService - isObtuse: true
21-10-2021 22:39:07 [main] INFO  io.olen4ixxx.triangle.util.IdGenerator - Id generated: 10
21-10-2021 22:39:07 [main] INFO  io.olen4ixxx.triangle.util.IdGenerator - Id generated: 11
21-10-2021 22:39:07 [main] INFO  io.olen4ixxx.triangle.util.IdGenerator - Id generated: 12
21-10-2021 22:39:07 [TestNG-method=testIsRegular-1] INFO  olen4ixxx.triangle.service.impl.TriangleCalculationService - TriangleCalculationService: isRegular(Triangle = {id: 11, Point{5,00, 8,66}, Point{10,00, 0,00}, Point{0,00, 0,00}})
21-10-2021 22:39:07 [TestNG-method=testIsRegular-1] INFO  olen4ixxx.triangle.service.impl.TriangleCalculationService - isRegular: true
21-10-2021 22:39:07 [main] INFO  io.olen4ixxx.triangle.util.IdGenerator - Id generated: 13
21-10-2021 22:39:07 [main] INFO  io.olen4ixxx.triangle.util.IdGenerator - Id generated: 14
21-10-2021 22:39:07 [main] INFO  io.olen4ixxx.triangle.util.IdGenerator - Id generated: 15
21-10-2021 22:39:07 [TestNG-method=testIsRight-1] INFO  olen4ixxx.triangle.service.impl.TriangleCalculationService - TriangleCalculationService: isRight(Triangle = {id: 13, Point{0,00, -10,00}, Point{-10,00, 0,00}, Point{0,00, 0,00}})
21-10-2021 22:39:07 [TestNG-method=testIsRight-1] INFO  olen4ixxx.triangle.service.impl.TriangleCalculationService - isRight: true
21-10-2021 22:39:07 [main] INFO  io.olen4ixxx.triangle.util.IdGenerator - Id generated: 16
21-10-2021 22:39:07 [main] INFO  io.olen4ixxx.triangle.util.IdGenerator - Id generated: 17
21-10-2021 22:39:07 [main] INFO  io.olen4ixxx.triangle.util.IdGenerator - Id generated: 18
21-10-2021 22:39:07 [TestNG-method=testTrianglePerimeter-1] INFO  olen4ixxx.triangle.service.impl.TriangleCalculationService - TriangleCalculationService: trianglePerimeter(Triangle = {id: 16, Point{0,00, -10,00}, Point{-10,00, 0,00}, Point{0,00, 0,00}})
21-10-2021 22:39:07 [TestNG-method=testTrianglePerimeter-1] INFO  olen4ixxx.triangle.service.impl.TriangleCalculationService - perimeter: 34.14213562373095
21-10-2021 22:39:07 [main] INFO  io.olen4ixxx.triangle.util.IdGenerator - Id generated: 19
21-10-2021 22:39:07 [main] INFO  io.olen4ixxx.triangle.util.IdGenerator - Id generated: 20
21-10-2021 22:39:07 [main] INFO  io.olen4ixxx.triangle.util.IdGenerator - Id generated: 21
21-10-2021 22:39:07 [TestNG-method=testTriangleSquare-1] INFO  olen4ixxx.triangle.service.impl.TriangleCalculationService - TriangleCalculationService: triangleSquare(Triangle = {id: 19, Point{0,00, -10,00}, Point{-10,00, 0,00}, Point{0,00, 0,00}})
21-10-2021 22:39:07 [TestNG-method=testTriangleSquare-1] INFO  olen4ixxx.triangle.service.impl.TriangleCalculationService - square: 50.00000000000001
21-10-2021 23:17:30 [main] INFO  io.olen4ixxx.triangle.util.IdGenerator - Id generated: 1
21-10-2021 23:17:30 [main] INFO  io.olen4ixxx.triangle.util.IdGenerator - Id generated: 2
21-10-2021 23:17:30 [main] INFO  io.olen4ixxx.triangle.util.IdGenerator - Id generated: 3
21-10-2021 23:17:30 [main] INFO  io.olen4ixxx.triangle.util.IdGenerator - Id generated: 4
21-10-2021 23:17:30 [main] INFO  io.olen4ixxx.triangle.repository.CustomRepository - Repository addAll: [Triangle = {id: 1, Point{1,00, 2,00}, Point{3,00, 4,00}, Point{5,00, 6,00}}, Triangle = {id: 2, Point{2,00, 2,00}, Point{3,00, 4,00}, Point{5,00, 6,00}}, Triangle = {id: 3, Point{3,00, 2,00}, Point{3,00, 4,00}, Point{5,00, 6,00}}, Triangle = {id: 4, Point{4,00, 2,00}, Point{3,00, 4,00}, Point{5,00, 6,00}}]
21-10-2021 23:17:30 [TestNG-method=testQuery-1] INFO  io.olen4ixxx.triangle.repository.CustomRepository - queryList from repository: [Triangle = {id: 1, Point{1,00, 2,00}, Point{3,00, 4,00}, Point{5,00, 6,00}}]
23-10-2021 13:33:30 [main] INFO  io.olen4ixxx.triangle.Main - Id generated: 0
23-10-2021 13:33:30 [main] INFO  olen4ixxx.triangle.filereader.impl.TriangleFileReader - TriangleFileReader: readLines(data/triangle.txt)
23-10-2021 13:33:30 [main] INFO  olen4ixxx.triangle.filereader.impl.TriangleFileReader - File is read
23-10-2021 13:33:30 [main] INFO  olen4ixxx.triangle.parser.impl.CustomTriangleParser - LinesToCustomTriangleParser: parseLinesToTriangleCoordinates([tt, 1 t, 0.0 0.0 10.0 0.0 0.0  10.0, 1.0 1.0 3.1 1.0 1.0  10.1])
23-10-2021 13:33:30 [main] INFO  olen4ixxx.triangle.parser.impl.CustomTriangleParser - listOfTriangleCoordinates: [[0.0, 0.0, 10.0, 0.0, 0.0, 10.0], [1.0, 1.0, 3.1, 1.0, 1.0, 10.1]]
23-10-2021 13:33:30 [main] INFO  io.olen4ixxx.triangle.entity.CustomTriangleFactory - CustomTriangleFactory: createCustomTriangle([0.0, 0.0, 10.0, 0.0, 0.0, 10.0])
23-10-2021 13:33:30 [main] INFO  io.olen4ixxx.triangle.util.IdGenerator - Id generated: 1
23-10-2021 13:33:30 [main] INFO  olen4ixxx.triangle.service.impl.TriangleCalculationService - TriangleCalculationService: trianglePerimeter(Triangle = {id: 1, Point{0,00, 0,00}, Point{10,00, 0,00}, Point{0,00, 10,00}})
